0.02363157421756514
0.0
0.004213752806028107
[[0.01796151]
 [0.0084633 ]
 [0.00377744]
 ...
 [0.00689054]
 [0.00450051]
 [0.00232412]]
0.004213752806028107
Point Pattern
1013 points
Bounding rectangle [(82.684869,25.18343), (83.176437,25.56856)]
Area of window: 0.18931758384000474
Intensity estimate for window: 5350.797213089842
           x          y
0  82.780000  25.490000
1  82.930329  25.539932
2  82.935833  25.546667
3  82.931296  25.549267
4  82.862231  25.497927
[[ 0.70710678 -0.70710678]
 [ 0.70710678 -0.70710678]
 [ 0.70710678 -0.70710678]
 ...
 [ 0.70710678 -0.70710678]
 [ 0.70710678 -0.70710678]
 [ 0.70710678 -0.70710678]]
s Version classes are deprecated. Use packaging.version instead.
  LARGE_SPARSE_SUPPORTED = LooseVersion(scipy_version) >= '0.14.0'
