0.03552814799563455
0.0
0.002335783902902959
[[0.01498943]
 [0.        ]
 [0.01459733]
 ...
 [0.00384158]
 [0.00158933]
 [0.00276363]]
0.002335783902902959
Point Pattern
1829 points
Bounding rectangle [(82.678727,25.190396), (83.172102,25.564857)]
Area of window: 0.18474969587500212
Intensity estimate for window: 9899.880978626694
           x          y
0  82.738300  25.496700
1  82.737411  25.532179
2  82.770376  25.518957
3  82.920007  25.493940
4  82.731661  25.483261
[[ 0.70710678 -0.70710678]
 [ 0.70710678 -0.70710678]
 [ 0.70710678 -0.70710678]
 ...
 [ 0.70710678 -0.70710678]
 [ 0.70710678 -0.70710678]
 [ 0.70710678 -0.70710678]]
Version classes are deprecated. Use packaging.version instead.
  LARGE_SPARSE_SUPPORTED = LooseVersion(scipy_version) >= '0.14.0'
