0.14577297996885383
0.0
0.005221429178017302
[[3.11895319e-02]
 [1.30009615e-01]
 [1.59316700e-02]
 [7.74076928e-03]
 [4.53768664e-02]
 [7.74076928e-03]
 [1.59316700e-02]
 [1.10287814e-02]
 [5.81923878e-03]
 [5.29383462e-03]
 [6.06807757e-02]
 [2.22954816e-03]
 [3.50570963e-03]
 [3.12041600e-03]
 [3.12041600e-03]
 [2.22954816e-03]
 [2.28158826e-03]
 /usr/lib/python3/dist-packages/sklearn/externals/joblib.py:1: DeprecationWarning: the imp module is deprecated in favour of importlib; see the module's documentation for alternative uses
  import imp
/usr/lib/python3/dist-packages/sklearn/utils/validation.py:37: DeprecationWarning: distutils Version classes are deprecated. Use packaging.version instead.
  LARGE_SPARSE_SUPPORTED = LooseVersion(scipy_version) >= '0.14.0'
38e-04]
 [1.52738338e-04]
 [4.00939360e-03]
 [1.51964799e-03]
 [3.94172805e-03]
 [5.95810280e-03]
 [1.64924225e-03]
 [1.64924225e-03]
 [8.40000000e-05]
 [0.00000000e+00]
 [0.00000000e+00]
 [0.00000000e+00]
 [0.00000000e+00]
 [0.00000000e+00]
 [0.00000000e+00]
 [0.00000000e+00]
 [0.00000000e+00]
 [0.00000000e+00]
 [0.00000000e+00]
 [0.00000000e+00]
 [2.39405618e-03]
 [1.51964799e-03]
 [3.87324154e-03]
 [2.31934689e-03]
 [1.54251872e-03]
 [2.31572105e-03]
 [8.92224187e-04]
 [8.92224187e-04]
 [2.88617394e-03]
 [3.42412179e-03]
 [6.17170965e-04]
 [6.17170965e-04]
 [1.40183095e-03]
 [1.40183095e-03]
 [1.90458001e-03]
 [7.26795707e-04]
 [0.00000000e+00]
 [0.00000000e+00]
 [3.87086786e-03]
 [4.16498703e-03]
 [9.87167666e-03]
 [6.29435461e-03]
 [4.30813185e-03]
 [5.00618218e-03]
 [2.76007427e-03]
 [1.40459959e-03]
 [5.71871681e-03]
 [0.00000000e+00]
 [0.00000000e+00]
 [3.64005494e-03]
 [3.64005494e-03]
 [2.31572105e-03]
 [1.68116448e-03]
 [3.87086786e-03]
 [4.16498703e-03]
 [1.59361507e-03]
 [2.94816994e-03]
 [1.83575598e-03]
 [1.35000037e-03]
 [1.35000037e-03]
 [4.66549397e-03]
 [2.10950231e-03]
 [0.00000000e+00]
 [0.00000000e+00]
 [1.59738067e-03]
 [6.36967134e-03]
 [2.18406273e-03]
 [2.18406273e-03]
 [0.00000000e+00]
 [0.00000000e+00]
 [5.35548401e-03]
 [2.33794119e-03]
 [4.76034663e-04]
 [4.76034663e-04]
 [1.26678491e-03]
 [3.12910227e-03]
 [1.01438504e-03]
 [4.13985567e-03]
 [3.20069617e-03]
 [3.22818788e-03]
 [1.00011249e-03]
 [1.00011249e-03]
 [1.99719929e-03]
 [6.34660933e-03]
 [5.18652099e-03]
 [2.51927470e-03]
 [2.33794119e-03]
 [2.58275047e-04]
 [2.58275047e-04]
 [2.60403533e-03]
 [1.01438504e-03]
 [5.55665772e-03]
 [1.20124019e-03]
 [1.80532822e-03]
 [5.55665772e-03]
 [1.72191754e-03]
 [1.20124019e-03]
 [2.83740868e-03]
 [3.20611057e-03]
 [5.22552744e-03]
 [3.52283579e-03]
 [4.03112887e-03]
 [1.80532822e-03]
 [3.18356812e-03]
 [1.60416022e-03]
 [2.96473034e-03]
 [0.00000000e+00]
 [0.00000000e+00]
 [0.00000000e+00]
 [1.89844278e-03]
 [1.99618261e-03]
 [3.19217073e-03]
 [1.74642492e-03]
 [1.92353841e-03]
 [1.52037002e-03]
 [2.62762250e-04]
 [2.62762250e-04]
 [2.23805719e-03]
 [1.48907555e-03]
 [1.48907555e-03]
 [0.00000000e+00]
 [0.00000000e+00]
 [2.26715681e-03]
 [1.59361507e-03]
 [2.07416706e-03]
 [2.84822752e-03]
 [1.23182345e-03]
 [1.23182345e-03]
 [1.59738067e-03]
 [3.55697807e-03]
 [4.02035881e-03]
 [2.78006205e-03]
 [1.43178211e-03]
 [1.43178211e-03]
 [1.38057959e-04]
 [6.00000000e-05]
 [6.00000000e-05]
 [6.24991048e-03]
 [3.04154945e-02]
 [1.46372812e-04]
 [1.46372812e-04]
 [1.90903772e-03]
 [4.03151609e-03]
 [8.10721284e-04]
 [8.10721284e-04]
 [1.23693169e-03]
 [7.49864394e-03]
 [1.21866895e-03]
 [1.21866895e-03]
 [2.34307490e-03]
 [4.07101425e-03]
 [1.52037002e-03]
 [3.42412179e-03]
 [2.61492964e-03]
 [2.61492964e-03]
 [2.04387989e-03]
 [1.90903772e-03]
 [2.79426430e-03]
 [2.79426430e-03]
 [1.74661644e-03]
 [1.89103199e-03]
 [1.89103199e-03]
 [3.65350599e-03]
 [2.84742761e-03]
 [1.89844278e-03]
 [3.31885357e-03]
 [3.31885357e-03]
 [6.59552879e-03]
 [1.55456135e-03]
 [1.55456135e-03]
 [6.36967134e-03]
 [2.58597080e-03]
 [2.58597080e-03]
 [1.00758374e-03]
 [1.00758374e-03]
 [6.24991048e-03]
 [2.40487193e-03]
 [2.40487193e-03]
 [2.42280437e-03]
 [2.60403533e-03]
 [3.74314159e-03]
 [4.12451500e-03]
 [3.86019948e-03]
 [1.99060292e-03]
 [1.23130013e-02]
 [2.49456409e-03]
 [3.90354634e-03]
 [4.62568914e-02]
 [0.00000000e+00]
 [0.00000000e+00]
 [4.67546789e-03]
 [3.25669894e-03]
 [3.41320963e-03]
 [3.41320963e-03]
 [1.34536240e-04]
 [1.34536240e-04]
 [8.49200212e-04]
 [8.49200212e-04]
 [3.10048383e-04]
 [3.10048383e-04]
 [1.99719929e-03]]
0.005221429178017302
Point Pattern
241 points
Bounding rectangle [(82.683833,25.2273), (83.0948,25.555)]
Area of window: 0.13467388589999985
Intensity estimate for window: 1789.5080281484643
          x          y
0  82.82855  25.485951
1  83.00860  25.555000
2  82.93426  25.279873
3  82.93301  25.367720
4  82.95760  25.227300
[[ 0.70710678 -0.70710678]
 [ 0.70710678 -0.70710678]
 [ 0.70710678 -0.70710678]
 [ 0.70710678 -0.70710678]
 [ 0.70710678 -0.70710678]
 [ 0.70710678 -0.70710678]
 [ 0.70710678 -0.70710678]
 [ 0.70710678 -0.70710678]
 [ 0.70710678 -0.70710678]
 [ 0.70710678 -0.70710678]
 [ 0.70710678 -0.70710678]
 [ 0.70710678 -0.70710678]
 [ 0.70710678 -0.70710678]
 [ 0.70710678 -0.70710678]
 [ 0.70710678 -0.70710678]
 [ 0.70710678 -0.70710678]
 [ 0.70710678 -0.70710678]
 [ 0.70710678 -0.70710678]
 [ 0.70710678 -0.70710678]
 [ 0.70710678 -0.70710678]
 [ 0.70710678 -0.70710678]
 [ 0.70710678 -0.70710678]
 [ 0.70710678 -0.70710678]
 [ 0.70710678 -0.70710678]
 [ 0.70710678 -0.70710678]
 [ 0.70710678 -0.70710678]
 [ 0.70710678 -0.70710678]
 [ 0.70710678 -0.70710678]
 [ 0.70710678 -0.70710678]
 [ 0.70710678 -0.70710678]
 [ 0.70710678 -0.70710678]
 [ 0.70710678 -0.70710678]
 [ 0.70710678 -0.70710678]
 [ 0.70710678 -0.70710678]
 [ 0.70710678 -0.70710678]
 [ 0.70710678 -0.70710678]
 [ 0.70710678 -0.70710678]
 [ 0.70710678 -0.70710678]
 [ 0.70710678 -0.70710678]
 [ 0.70710678 -0.70710678]
 [ 0.70710678 -0.70710678]
 [ 0.70710678 -0.70710678]
 [ 0.70710678 -0.70710678]
 [ 0.70710678 -0.70710678]
 [ 0.70710678 -0.70710678]
 [ 0.70710678 -0.70710678]
 [ 0.70710678 -0.70710678]
 [ 0.70710678 -0.70710678]
 [ 0.70710678 -0.70710678]
 [ 0.70710678 -0.70710678]
 [ 0.70710678 -0.70710678]
 [ 0.70710678 -0.70710678]
 [ 0.70710678 -0.70710678]
 [ 0.70710678 -0.70710678]
 [ 0.70710678 -0.70710678]
 [ 0.70710678 -0.70710678]
 [ 0.70710678 -0.70710678]
 [ 0.70710678 -0.70710678]
 [ 0.70710678 -0.70710678]
 [ 0.70710678 -0.70710678]
 [ 0.70710678 -0.70710678]
 [ 0.70710678 -0.70710678]
 [ 0.70710678 -0.70710678]
 [ 0.70710678 -0.70710678]
 [ 0.70710678 -0.70710678]
 [ 0.70710678 -0.70710678]
 [ 0.70710678 -0.70710678]
 [ 0.70710678 -0.70710678]
 [ 0.70710678 -0.70710678]
 [ 0.70710678 -0.70710678]
 [ 0.70710678 -0.70710678]
 [ 0.70710678 -0.70710678]
 [ 0.70710678 -0.70710678]
 [ 0.70710678 -0.70710678]
 [ 0.70710678 -0.70710678]
 [ 0.70710678 -0.70710678]
 [ 0.70710678 -0.70710678]
 [ 0.70710678 -0.70710678]
 [ 0.70710678 -0.70710678]
 [ 0.70710678 -0.70710678]
 [ 0.70710678 -0.70710678]
 [ 0.70710678 -0.70710678]
 [ 0.70710678 -0.70710678]
 [ 0.70710678 -0.70710678]
 [ 0.70710678 -0.70710678]
 [ 0.70710678 -0.70710678]
 [ 0.70710678 -0.70710678]
 [ 0.70710678 -0.70710678]
 [ 0.70710678 -0.70710678]
 [ 0.70710678 -0.70710678]
 [ 0.70710678 -0.70710678]
 [ 0.70710678 -0.70710678]
 [ 0.70710678 -0.70710678]
 [ 0.70710678 -0.70710678]
 [ 0.70710678 -0.70710678]
 [ 0.70710678 -0.70710678]
 [ 0.70710678 -0.70710678]
 [ 0.70710678 -0.70710678]
 [ 0.70710678 -0.70710678]
 [ 0.70710678 -0.70710678]
 [ 0.70710678 -0.70710678]
 [ 0.70710678 -0.70710678]
 [ 0.70710678 -0.70710678]
 [ 0.70710678 -0.70710678]
 [ 0.70710678 -0.70710678]
 [ 0.70710678 -0.70710678]
 [ 0.70710678 -0.70710678]
 [ 0.70710678 -0.70710678]
 [ 0.70710678 -0.70710678]
 [ 0.70710678 -0.70710678]
 [ 0.70710678 -0.70710678]
 [ 0.70710678 -0.70710678]
 [ 0.70710678 -0.70710678]
 [ 0.70710678 -0.70710678]
 [ 0.70710678 -0.70710678]
 [ 0.70710678 -0.70710678]
 [ 0.70710678 -0.70710678]
 [ 0.70710678 -0.70710678]
 [ 0.70710678 -0.70710678]
 [ 0.70710678 -0.70710678]
 [ 0.70710678 -0.70710678]
 [ 0.70710678 -0.70710678]
 [ 0.70710678 -0.70710678]
 [ 0.70710678 -0.70710678]
 [ 0.70710678 -0.70710678]
 [ 0.70710678 -0.70710678]
 [ 0.70710678 -0.70710678]
 [ 0.70710678 -0.70710678]
 [ 0.70710678 -0.70710678]
 [ 0.70710678 -0.70710678]
 [ 0.70710678 -0.70710678]
 [ 0.70710678 -0.70710678]
 [ 0.70710678 -0.70710678]
 [ 0.70710678 -0.70710678]
 [ 0.70710678 -0.70710678]
 [ 0.70710678 -0.70710678]
 [ 0.70710678 -0.70710678]
 [ 0.70710678 -0.70710678]
 [ 0.70710678 -0.70710678]
 [ 0.70710678 -0.70710678]
 [ 0.70710678 -0.70710678]
 [ 0.70710678 -0.70710678]
 [ 0.70710678 -0.70710678]
 [ 0.70710678 -0.70710678]
 [ 0.70710678 -0.70710678]
 [ 0.70710678 -0.70710678]
 [ 0.70710678 -0.70710678]
 [ 0.70710678 -0.70710678]
 [ 0.70710678 -0.70710678]
 [ 0.70710678 -0.70710678]
 [ 0.70710678 -0.70710678]
 [ 0.70710678 -0.70710678]
 [ 0.70710678 -0.70710678]
 [ 0.70710678 -0.70710678]
 [ 0.70710678 -0.70710678]
 [ 0.70710678 -0.70710678]
 [ 0.70710678 -0.70710678]
 [ 0.70710678 -0.70710678]
 [ 0.70710678 -0.70710678]
 [ 0.70710678 -0.70710678]
 [ 0.70710678 -0.70710678]
 [ 0.70710678 -0.70710678]
 [ 0.70710678 -0.70710678]
 [ 0.70710678 -0.70710678]
 [ 0.70710678 -0.70710678]
 [ 0.70710678 -0.70710678]
 [ 0.70710678 -0.70710678]
 [ 0.70710678 -0.70710678]
 [ 0.70710678 -0.70710678]
 [ 0.70710678 -0.70710678]
 [ 0.70710678 -0.70710678]
 [ 0.70710678 -0.70710678]
 [ 0.70710678 -0.70710678]
 [ 0.70710678 -0.70710678]
 [ 0.70710678 -0.70710678]
 [ 0.70710678 -0.70710678]
 [ 0.70710678 -0.70710678]
 [ 0.70710678 -0.70710678]
 [ 0.70710678 -0.70710678]
 [ 0.70710678 -0.70710678]
 [ 0.70710678 -0.70710678]
 [ 0.70710678 -0.70710678]
 [ 0.70710678 -0.70710678]
 [ 0.70710678 -0.70710678]
 [ 0.70710678 -0.70710678]
 [ 0.70710678 -0.70710678]
 [ 0.70710678 -0.70710678]
 [ 0.70710678 -0.70710678]
 [ 0.70710678 -0.70710678]
 [ 0.70710678 -0.70710678]
 [ 0.70710678 -0.70710678]
 [ 0.70710678 -0.70710678]
 [ 0.70710678 -0.70710678]
 [ 0.70710678 -0.70710678]
 [ 0.70710678 -0.70710678]
 [ 0.70710678 -0.70710678]
 [ 0.70710678 -0.70710678]
 [ 0.70710678 -0.70710678]
 [ 0.70710678 -0.70710678]
 [ 0.70710678 -0.70710678]
 [ 0.70710678 -0.70710678]
 [ 0.70710678 -0.70710678]
 [ 0.70710678 -0.70710678]
 [ 0.70710678 -0.70710678]
 [ 0.70710678 -0.70710678]
 [ 0.70710678 -0.70710678]
 [ 0.70710678 -0.70710678]
 [ 0.70710678 -0.70710678]
 [ 0.70710678 -0.70710678]
 [ 0.70710678 -0.70710678]
 [ 0.70710678 -0.70710678]
 [ 0.70710678 -0.70710678]
 [ 0.70710678 -0.70710678]
 [ 0.70710678 -0.70710678]
 [ 0.70710678 -0.70710678]
 [ 0.70710678 -0.70710678]
 [ 0.70710678 -0.70710678]
 [ 0.70710678 -0.70710678]
 [ 0.70710678 -0.70710678]
 [ 0.70710678 -0.70710678]
 [ 0.70710678 -0.70710678]
 [ 0.70710678 -0.70710678]
 [ 0.70710678 -0.70710678]
 [ 0.70710678 -0.70710678]
 [ 0.70710678 -0.70710678]
 [ 0.70710678 -0.70710678]
 [ 0.70710678 -0.70710678]
 [ 0.70710678 -0.70710678]
 [ 0.70710678 -0.70710678]
 [ 0.70710678 -0.70710678]
 [ 0.70710678 -0.70710678]
 [ 0.70710678 -0.70710678]
 [ 0.70710678 -0.70710678]
 [ 0.70710678 -0.70710678]
 [ 0.70710678 -0.70710678]
 [ 0.70710678 -0.70710678]
 [ 0.70710678 -0.70710678]
 [ 0.70710678 -0.70710678]
 [ 0.70710678 -0.70710678]
 [ 0.70710678 -0.70710678]
 [ 0.70710678 -0.70710678]]
