0.06835742827228053
0.0
0.004631487072138468
[[6.25196553e-03]
 [9.14871029e-04]
 [0.00000000e+00]
 [0.00000000e+00]
 [2.61846405e-03]
 [7.68704885e-03]
 [1.05134326e-02]
 [9.18947768e-04]
 [6.33404294e-03]
 [3.83149383e-03]
 [9.14871029e-04]
 [2.38881247e-03]
 [1.92868686e-03]
 [8.29207531e-03]
 [1.66225931e-03]
 [4.38114152e-03]
 [2.18224884e-03]
 [9.05884341e-03]
 [4.93428668e-03]
 [0.00000000e+00]
 [9.73842421e-03]
 [9.00279446e-03]
 [9.04241212e-03]
 [5.83733244e-03]
 [0.00000000e+00]
 [8.59774866e-03]
 [3.37201720e-04]
 [0.00000000e+00]
 [1.00000000e-06]
 [8.29207531e-03]
 [1.69095750e-02]
 [2.23606798e-06]
 [0.00000000e+00]
 [5.20246182e-03]
 [9.26423197e-03]
 [0.00000000e+00]
 [0.00000000e+00]
 [9.99999997e-07]
 [5.05172485e-03]
 [9.89192160e-03]
 [0.00000000e+00]
 [9.22008677e-05]
 [1.00498756e-03]
 [5.14795348e-03]
 [4.14802748e-03]
 [9.18947768e-04]
 [3.23277280e-03]
 [2.18224884e-03]
 [5.83733244e-03]
 [4.14018369e-03]
 [4.93428668e-03]
 [0.00000000e+00]
 [1.29033010e-02]
 [6.55853924e-03]
 [0.00000000e+00]
 [6.83574283e-02]
 [7.14077314e-03]
 [5.20246182e-03]
 [7.58924107e-03]
 [0.00000000e+00]
 [1.33924839e-02]
 [1.30350123e-02]
 [3.62353419e-05]
 [8.34505842e-05]
 [7.14077314e-03]
 [3.83149383e-03]
 [0.00000000e+00]
 [3.37201720e-04]
 [4.14802748e-03]
 [7.42475865e-03]
 [2.61846405e-03]
 [0.00000000e+00]
 [0.00000000e+00]
 [1.92868686e-03]
 [0.00000000e+00]
 [3.95784095e-03]
 [1.73738309e-04]
 [3.62353419e-05]
 [1.00498756e-03]
 [1.47524076e-02]
 [2.10041996e-03]
 [8.68083176e-03]
 [3.95784095e-03]
 [2.23606798e-06]
 [0.00000000e+00]
 [4.72914369e-04]
 [1.66225931e-03]
 [0.00000000e+00]
 [1.00477309e-02]]
0.004631487072138468
[[ 0.70710678 -0.70710678]
 [ 0.70710678 -0.70710678]
 [ 0.70710678 -0.70710678]
 [ 0.70710678 -0.70710678]
 [ 0.70710678 -0.70710678]
 [ 0.70710678 -0.70710678]
 [ 0.70710678 -0.70710678]
 [ 0.70710678 -0.70710678]
 [ 0.70710678 -0.70710678]
 [ 0.70710678 -0.70710678]
 [ 0.70710678 -0.70710678]
 [ 0.70710678 -0.70710678]
 [ 0.70710678 -0.70710678]
 [ 0.70710678 -0.70710678]
 [ 0.70710678 -0.70710678]
 [ 0.70710678 -0.70710678]
 [ 0.70710678 -0.70710678]
 [ 0.70710678 -0.70710678]
 [ 0.70710678 -0.70710678]
 [ 0.70710678 -0.70710678]
 [ 0.70710678 -0.70710678]
 [ 0.70710678 -0.70710678]
 [ 0.70710678 -0.70710678]
 [ 0.70710678 -0.70710678]
 [ 0.70710678 -0.70710678]
 [ 0.70710678 -0.70710678]
 [ 0.70710678 -0.70710678]
 [ 0.70710678 -0.70710678]
 [ 0.70710678 -0.70710678]
 [ 0.70710678 -0.70710678]
 [ 0.70710678 -0.70710678]
 [ 0.70710678 -0.70710678]
 [ 0.70710678 -0.70710678]
 [ 0.70710678 -0.70710678]
 [ 0.70710678 -0.70710678]
 [ 0.70710678 -0.70710678]
 [ 0.70710678 -0.70710678]
 [ 0.70710678 -0.70710678]
 [ 0.70710678 -0.70710678]
 [ 0.70710678 -0.70710678]
 [ 0.70710678 -0.70710678]
 [ 0.70710678 -0.70710678]
 [ 0.70710678 -0.70710678]
 [ 0.70710678 -0.70710678]
 [ 0.70710678 -0.70710678]
 [ 0.70710678 -0.70710678]
 [ 0.70710678 -0.70710678]
 [ 0.70710678 -0.70710678]
 [ 0.70710678 -0.70710678]
 [ 0.70710678 -0.70710678]
 [ 0.70710678 -0.70710678]
 [ 0.70710678 -0.70710678]
 [ 0.70710678 -0.70710678]
 [ 0.70710678 -0.70710678]
 [ 0.70710678 -0.70710678]
 [ 0.70710678 -0.70710678]
 [ 0.70710678 -0.70710678]
 [ 0.70710678 -0.70710678]
 [ 0.70710678 -0.70710678]
 [ 0.70710678 -0.70710678]
 [ 0.70710678 -0.70710678]
 [ 0.70710678 -0.70710678]
 [ 0.70710678 -0.70710678]
 [ 0.70710678 -0.70710678]
 [ 0.70710678 -0.70710678]
 [ 0.70710678 -0.70710678]
 [ 0.70710678 -0.70710678]
 [ 0.70710678 -0.70710678]
 [ 0.70710678 -0.70710678]
 [ 0.70710678 -0.70710678]
 [ 0.70710678 -0.70710678]
 [ 0.70710678 -0.70710678]
 [ 0.70710678 -0.70710678]
 [ 0.70710678 -0.70710678]
 [ 0.70710678 -0.70710678]
 [ 0.70710678 -0.70710678]
 [ 0.70710678 -0.70710678]
 [ 0.70710678 -0.70710678]
 [ 0.70710678 -0.70710678]
 [ 0.70710678 -0.70710678]
 [ 0.70710678 -0.70710678]
 [ 0.70710678 -0.70710678]
 [ 0.70710678 -0.70710678]
 [ 0.70710678 -0.70710678]
 [ 0.70710678 -0.70710678]
 [ 0.70710678 -0.70710678]
 [ 0.70710678 -0.70710678]
 [ 0.70710678 -0.70710678]
 [ 0.70710678 -0.70710678]]
