0.02616735999293703
0.0
0.003896778333746763
[[0.01348258]
 [0.001     ]
 [0.001     ]
 ...
 [0.00400072]
 [0.0042945 ]
 [0.0042945 ]]
0.003896778333746763
Point Pattern
1452 points
Bounding rectangle [(82.674718,25.185935), (83.17132,25.56728)]
Area of window: 0.18937668968999688
Intensity estimate for window: 7667.258321902627
           x          y
0  82.738300  25.496700
1  82.737411  25.532179
2  82.737411  25.533179
3  82.770000  25.490000
4  82.785500  25.492300
[[ 0.70710678 -0.70710678]
 [ 0.70710678 -0.70710678]
 [ 0.70710678 -0.70710678]
 ...
 [ 0.70710678 -0.70710678]
 [ 0.70710678 -0.70710678]
 [ 0.70710678 -0.70710678]]
s Version classes are deprecated. Use packaging.version instead.
  LARGE_SPARSE_SUPPORTED = LooseVersion(scipy_version) >= '0.14.0'
