0.1557147536041346
0.0
0.010195258994756424
[[0.01107476]
 [0.15571475]
 [0.01107476]
 [0.00972568]
 [0.00618423]
 [0.00128048]
 [0.00915806]
 [0.01050554]
 [0.        ]
 [0.        ]
 [0.00128048]
 [0.00124664]
 [0.00124664]
 [0.00127325]
 [0.00919577]
 [0.02821882]
 [0.00387974]
 [0.00226894]
 [0.        ]
 [0.        ]
 [0.00387974]
 [0.00593373]
 [0.00915806]
 [0.00127325]
 [0.00157632]
 [0.00618423]
 [0.00226894]
 [0.00593373]
 [0.00858128]
 [0.00025154]
 [0.00025154]
 [0.00362618]
 [0.00919577]
 [0.02519596]]
0.010195258994756424
[[ 0.70710678 -0.70710678]
 [ 0.70710678 -0.70710678]
 [ 0.70710678 -0.70710678]
 [ 0.70710678 -0.70710678]
 [ 0.70710678 -0.70710678]
 [ 0.70710678 -0.70710678]
 [ 0.70710678 -0.70710678]
 [ 0.70710678 -0.70710678]
 [ 0.70710678 -0.70710678]
 [ 0.70710678 -0.70710678]
 [ 0.70710678 -0.70710678]
 [ 0.70710678 -0.70710678]
 [ 0.70710678 -0.70710678]
 [ 0.70710678 -0.70710678]
 [ 0.70710678 -0.70710678]
 [ 0.70710678 -0.70710678]
 [ 0.70710678 -0.70710678]
 [ 0.70710678 -0.70710678]
 [ 0.70710678 -0.70710678]
 [ 0.70710678 -0.70710678]
 [ 0.70710678 -0.70710678]
 [ 0.70710678 -0.70710678]
 [ 0.70710678 -0.70710678]
 [ 0.70710678 -0.70710678]
 [ 0.70710678 -0.70710678]
 [ 0.70710678 -0.70710678]
 [ 0.70710678 -0.70710678]
 [ 0.70710678 -0.70710678]
 [ 0.70710678 -0.70710678]
 [ 0.70710678 -0.70710678]
 [ 0.70710678 -0.70710678]
 [ 0.70710678 -0.70710678]
 [ 0.70710678 -0.70710678]
 [ 0.70710678 -0.70710678]]
