0.14577297996885383
0.0
0.0021995553302334415
[[3.11895319e-02]
 [0.00000000e+00]
 [1.47117106e-02]
 [7.08724206e-03]
 [3.29528451e-02]
 [3.30218110e-04]
 [1.39598639e-03]
 [9.89157667e-03]
 [1.99242189e-03]
 [3.27076642e-03]
 [5.44544518e-02]
 [2.22954816e-03]
 [2.77000000e-04]
 [0.00000000e+00]
 [2.99195254e-03]
 [1.66841542e-03]
 [1.57546818e-03]
/usr/lib/python3/dist-packages/sklearn/externals/joblib.py:1: DeprecationWarning: the imp module is deprecated in favour of importlib; see the module's documentation for alternative uses
  import imp
/usr/lib/python3/dist-packages/sklearn/utils/validation.py:37: DeprecationWarning: distutils Version classes are deprecated. Use packaging.version instead.
  LARGE_SPARSE_SUPPORTED = LooseVersion(scipy_version) >= '0.14.0'
338e-04]
 [1.52738338e-04]
 [3.92498178e-03]
 [1.51964799e-03]
 [1.83847763e-03]
 [2.16516281e-03]
 [1.08064148e-03]
 [2.00000000e-04]
 [8.05046583e-05]
 [0.00000000e+00]
 [0.00000000e+00]
 [0.00000000e+00]
 [0.00000000e+00]
 [0.00000000e+00]
 [0.00000000e+00]
 [0.00000000e+00]
 [0.00000000e+00]
 [0.00000000e+00]
 [0.00000000e+00]
 [0.00000000e+00]
 [1.86834606e-03]
 [1.51964799e-03]
 [2.86782147e-03]
 [2.20585584e-04]
 [1.54251872e-03]
 [6.02742068e-04]
 [1.57917700e-04]
 [7.27835833e-04]
 [2.83594446e-03]
 [1.42042247e-03]
 [6.17170965e-04]
 [0.00000000e+00]
 [6.70820394e-06]
 [1.40183095e-03]
 [4.95613761e-04]
 [7.26795707e-04]
 [0.00000000e+00]
 [0.00000000e+00]
 [2.07569964e-03]
 [2.57454967e-03]
 [4.87926634e-03]
 [2.34715530e-03]
 [1.08166538e-03]
 [1.25563092e-03]
 [0.00000000e+00]
 [1.25644658e-03]
 [4.38637949e-03]
 [0.00000000e+00]
 [0.00000000e+00]
 [1.93382109e-03]
 [1.71629368e-03]
 [2.60986590e-04]
 [1.68116448e-03]
 [2.73357440e-03]
 [1.31820522e-03]
 [6.40312424e-06]
 [6.96967718e-04]
 [2.90000000e-04]
 [1.05465682e-03]
 [6.32569364e-04]
 [2.88109215e-03]
 [8.76128415e-04]
 [0.00000000e+00]
 [0.00000000e+00]
 [1.59738067e-03]
 [4.09128268e-03]
 [0.00000000e+00]
 [2.18406273e-03]
 [0.00000000e+00]
 [0.00000000e+00]
 [1.17271011e-03]
 [9.95626938e-04]
 [1.38809222e-04]
 [3.38828865e-04]
 [1.26678491e-03]
 [2.43704739e-03]
 [1.01438504e-03]
 [1.18502827e-03]
 [0.00000000e+00]
 [8.43993483e-04]
 [3.17176607e-04]
 [7.08396781e-04]
 [1.99719929e-03]
 [0.00000000e+00]
 [1.58113883e-03]
 [8.86526367e-04]
 [1.40747185e-03]
 [2.58275047e-04]
 [2.58275047e-04]
 [2.21740840e-03]
 [1.01438504e-03]
 [1.14347978e-03]
 [1.20124019e-03]
 [1.50332964e-03]
 [3.70276923e-04]
 [6.73858294e-04]
 [0.00000000e+00]
 [1.21911853e-03]
 [2.86043703e-04]
 [0.00000000e+00]
 [2.51550333e-03]
 [9.65467762e-04]
 [1.80532822e-03]
 [3.18356812e-03]
 [7.91201618e-05]
 [1.95436767e-03]
 [0.00000000e+00]
 [0.00000000e+00]
 [0.00000000e+00]
 [0.00000000e+00]
 [1.71172428e-05]
 [4.00211194e-04]
 [7.28010989e-04]
 [1.91049732e-03]
 [8.92168706e-04]
 [2.62762250e-04]
 [2.62762250e-04]
 [1.46201539e-03]
 [1.48907555e-03]
 [1.28024763e-03]
 [0.00000000e+00]
 [0.00000000e+00]
 [1.15039515e-03]
 [4.22991726e-04]
 [1.76489150e-03]
 [1.17662908e-03]
 [1.23182345e-03]
 [1.23182345e-03]
 [0.00000000e+00]
 [2.85209572e-03]
 [7.55214539e-04]
 [2.22066882e-03]
 [1.43178211e-03]
 [1.43178211e-03]
 [1.38057959e-04]
 [6.00000000e-05]
 [6.00000000e-05]
 [0.00000000e+00]
 [2.67899674e-02]
 [1.46372812e-04]
 [1.46372812e-04]
 [1.02079626e-03]
 [6.29064385e-04]
 [2.82842712e-06]
 [6.39224530e-04]
 [8.87437885e-04]
 [1.28365494e-03]
 [1.21866895e-03]
 [1.21866895e-03]
 [8.70201126e-04]
 [4.91687909e-04]
 [1.02956301e-03]
 [1.55892944e-03]
 [8.61953595e-04]
 [2.83211935e-04]
 [1.74829774e-03]
 [1.45602198e-03]
 [0.00000000e+00]
 [6.66700832e-04]
 [1.61097548e-03]
 [8.94155467e-04]
 [1.14533707e-03]
 [1.81488650e-03]
 [2.51638868e-03]
 [3.84282448e-04]
 [3.31885357e-03]
 [3.31885357e-03]
 [2.57457822e-03]
 [0.00000000e+00]
 [1.55456135e-03]
 [2.73757429e-03]
 [8.28312139e-04]
 [1.57462535e-03]
 [1.00463924e-03]
 [2.93231990e-04]
 [6.24991048e-03]
 [1.86973715e-03]
 [1.26056019e-03]
 [4.13493652e-04]
 [1.26905477e-03]
 [5.34517539e-04]
 [5.69956139e-04]
 [9.52674656e-04]
 [1.99060292e-03]
 [6.39934403e-03]
 [2.05789334e-03]
 [0.00000000e+00]
 [3.89918629e-02]
 [0.00000000e+00]
 [0.00000000e+00]
 [1.16619038e-03]
 [3.17308998e-03]
 [0.00000000e+00]
 [1.64012195e-03]
 [1.34536240e-04]
 [1.34536240e-04]
 [0.00000000e+00]
 [0.00000000e+00]
 [3.10048383e-04]
 [3.10048383e-04]
 [8.81449942e-04]
 [0.00000000e+00]
 [2.00039996e-03]
 [1.66841542e-03]
 [2.55837546e-03]
 [3.30218110e-04]
 [6.41859798e-04]
 [1.39598639e-03]
 [4.09209237e-03]
 [3.34304128e-03]
 [5.60000000e-05]
 [2.31350232e-03]
 [1.64914675e-03]
 [1.64914675e-03]
 [2.69851830e-03]
 [1.49741644e-03]
 [0.00000000e+00]
 [0.00000000e+00]
 [0.00000000e+00]
 [0.00000000e+00]
 [1.21655251e-03]
 [0.00000000e+00]
 [1.28303611e-02]
 [3.75213712e-03]
 [1.57546818e-03]
 [6.60984115e-03]
 [2.05347145e-03]
 [4.09463307e-03]
 [6.61710662e-04]
 [6.61710662e-04]
 [1.86865620e-03]
 [4.47502447e-03]
 [2.45460241e-03]
 [2.45460241e-03]
 [1.57200509e-02]
 [2.19535874e-03]
 [2.76027028e-03]
 [7.85697779e-04]
 [1.30384048e-03]
 [1.26281155e-03]
 [1.17046999e-05]
 [2.72893844e-03]
 [4.91861769e-04]
 [2.05182845e-05]
 [2.05182845e-05]
 [1.28693434e-04]
 [6.32569364e-04]
 [0.00000000e+00]
 [2.81780056e-03]
 [1.86834606e-03]
 [9.14541415e-04]
 [9.14541415e-04]
 [7.00000000e-04]
 [1.10527689e-03]
 [0.00000000e+00]
 [8.90000000e-05]
 [9.84885781e-06]
 [0.00000000e+00]
 [0.00000000e+00]
 [0.00000000e+00]
 [0.00000000e+00]
 [0.00000000e+00]
 [0.00000000e+00]
 [0.00000000e+00]
 [0.00000000e+00]
 [0.00000000e+00]
 [0.00000000e+00]
 [1.59775405e-03]
 [1.46201539e-03]
 [0.00000000e+00]
 [0.00000000e+00]
 [1.41421356e-04]
 [1.63321156e-03]
 [4.60977223e-03]
 [1.28062485e-03]
 [1.27882759e-04]
 [1.06231869e-03]
 [7.63209670e-04]
 [1.14017543e-03]
 [9.32214568e-04]
 [2.22623000e-04]
 [1.57917700e-04]
 [1.27383084e-03]
 [1.01291905e-03]
 [1.10523210e-03]
 [1.07632895e-03]
 [2.16448608e-04]
 [0.00000000e+00]
 [0.00000000e+00]
 [5.38255228e-03]
 [6.24771958e-04]
 [6.24771958e-04]
 [1.55261070e-04]
 [1.70880075e-03]
 [5.54101074e-04]
 [2.55194377e-03]
 [2.46872923e-03]
 [8.85329882e-04]
 [6.00000000e-04]
 [1.00000000e-04]
 [0.00000000e+00]
 [0.00000000e+00]
 [1.10907890e-03]
 [2.17899518e-03]
 [7.71201660e-04]
 [1.63086020e-03]
 [1.25563092e-03]
 [4.44144121e-04]
 [0.00000000e+00]
 [0.00000000e+00]
 [3.05500409e-03]
 [4.26948334e-03]
 [1.01291905e-03]
 [1.30000000e-03]
 [2.52677126e-03]
 [2.60986590e-04]
 [1.31223207e-03]
 [1.31223207e-03]
 [1.64012195e-03]
 [3.12218513e-03]
 [6.40312424e-06]
 [1.05465682e-03]
 [1.00000000e-04]
 [1.55664286e-03]
 [4.22991726e-04]
 [5.24741841e-04]
 [4.92773061e-03]
 [0.00000000e+00]
 [6.92740933e-04]
 [1.70293864e-05]
 [0.00000000e+00]
 [0.00000000e+00]
 [3.28451473e-03]
 [1.38712436e-03]
 [1.38712436e-03]
 [0.00000000e+00]
 [1.38809222e-04]
 [2.15520301e-03]
 [0.00000000e+00]
 [1.75547287e-03]
 [0.00000000e+00]
 [5.85656896e-04]
 [1.97827248e-03]
 [3.17176607e-04]
 [3.37227431e-03]
 [2.91135467e-03]
 [4.18455374e-03]
 [1.04440270e-03]
 [9.95626938e-04]
 [2.47630774e-03]
 [9.48683298e-04]
 [4.87811439e-04]
 [1.49906638e-04]
 [1.82368473e-03]
 [1.24100766e-04]
 [7.85103815e-04]
 [1.14347978e-03]
 [7.71038261e-04]
 [7.71038261e-04]
 [2.53037250e-03]
 [0.00000000e+00]
 [6.62419806e-04]
 [2.68161146e-03]
 [1.46238470e-03]
 [1.65897348e-03]
 [1.36901790e-03]
 [5.88013605e-04]
 [1.21679333e-03]
 [1.21911853e-03]
 [1.27349912e-03]
 [2.86043703e-04]
 [3.20156212e-05]
 [3.20156212e-05]
 [4.30373907e-03]
 [6.13024274e-03]
 [2.55553126e-03]
 [1.42282606e-03]
 [1.11040218e-03]
 [3.81977552e-03]
 [2.93164752e-02]
 [8.24621125e-04]
 [8.24621125e-04]
 [8.98911564e-04]
 [1.84889075e-03]
 [1.35247366e-03]
 [1.56882791e-03]
 [2.25610283e-03]
 [1.71172428e-05]
 [1.43293405e-03]
 [1.41757248e-02]
 [1.42126704e-03]
 [0.00000000e+00]
 [0.00000000e+00]
 [2.44413277e-03]
 [0.00000000e+00]
 [0.00000000e+00]
 [2.05418329e-03]
 [1.52329249e-03]
 [2.84935080e-04]
 [2.84935080e-04]
 [1.63321156e-03]
 [0.00000000e+00]
 [0.00000000e+00]
 [0.00000000e+00]
 [0.00000000e+00]
 [8.77068982e-04]
 [5.24741841e-04]
 [2.07327036e-03]
 [1.88302947e-03]
 [8.76128415e-04]
 [1.27765801e-03]
 [1.17662908e-03]
 [2.28293868e-03]
 [1.35966614e-03]
 [1.18502827e-03]
 [1.08283194e-03]
 [0.00000000e+00]
 [3.14230807e-04]
 [3.14230807e-04]
 [4.83600041e-04]
 [4.83600041e-04]
 [1.40530566e-03]
 [1.18011864e-03]
 [7.64557388e-04]
 [3.79843455e-03]
 [1.23419650e-03]
 [9.21954446e-04]
 [7.55214539e-04]
 [1.26905477e-03]
 [2.81780056e-03]
 [2.20907220e-03]
 [2.74736255e-03]
 [2.34715530e-03]
 [7.42241201e-04]
 [2.44413277e-03]
 [1.04576527e-03]
 [1.30208794e-03]
 [0.00000000e+00]
 [0.00000000e+00]
 [6.29064385e-04]
 [7.96303962e-05]
 [6.39224530e-04]
 [1.36014705e-03]
 [8.94155467e-04]
 [1.40427704e-03]
 [1.00498756e-05]
 [1.56231399e-03]
 [1.53980031e-03]
 [1.28229248e-03]
 [1.88411279e-03]
 [3.57770876e-03]
 [1.24458829e-04]
 [2.92411713e-03]
 [1.24101450e-03]
 [1.53563147e-03]
 [1.10462709e-03]
 [4.91687909e-04]
 [5.97358351e-04]
 [2.16448608e-04]
 [1.02956301e-03]
 [8.54400375e-04]
 [8.46808715e-04]
 [8.61953595e-04]
 [2.83211935e-04]
 [0.00000000e+00]
 [1.83601743e-03]
 [4.73669896e-03]
 [5.40858281e-03]
 [4.22985874e-03]
 [2.29445593e-03]
 [1.02079626e-03]
 [0.00000000e+00]
 [1.41056726e-04]
 [1.41056726e-04]
 [1.35580714e-03]
 [8.93691781e-04]
 [5.69642871e-04]
 [1.38881568e-03]
 [1.14533707e-03]
 [3.84282448e-04]
 [1.28229248e-03]
 [1.35011999e-03]
 [3.57770876e-03]
 [4.15242098e-04]
 [6.72086304e-05]
 [6.72086304e-05]
 [4.09128268e-03]
 [1.53601042e-03]
 [1.24134121e-03]
 [1.52970585e-03]
 [1.63824845e-03]
 [2.93231990e-04]
 [7.71201660e-04]
 [9.51607592e-03]
 [9.86754782e-04]
 [2.10647122e-03]
 [5.69956139e-04]
 [0.00000000e+00]
 [0.00000000e+00]
 [1.24100766e-04]
 [1.73402220e-03]
 [6.36858697e-04]
 [8.81449942e-04]
 [2.05789334e-03]
 [3.14394148e-03]
 [1.56204994e-03]
 [6.07810826e-04]
 [3.70789226e-03]
 [3.24264722e-03]
 [0.00000000e+00]
 [0.00000000e+00]
 [0.00000000e+00]
 [1.73358695e-02]
 [9.26984358e-04]
 [2.13623898e-03]
 [6.93951007e-04]
 [1.00000000e-05]
 [6.36858697e-04]
 [1.03069346e-03]
 [1.36061457e-03]
 [2.26229662e-03]
 [1.73358695e-02]
 [5.52403557e-03]
 [1.01904604e-01]
 [1.91000105e-03]
 [2.28485751e-02]
 [1.38437712e-04]
 [5.60000000e-05]
 [1.49741644e-03]
 [2.54950976e-03]
 [2.38721930e-03]
 [0.00000000e+00]
 [2.07927800e-03]
 [8.38442604e-04]
 [1.41421356e-04]
 [3.71064684e-04]
 [3.71064684e-04]
 [0.00000000e+00]
 [4.39735307e-03]
 [1.47841435e-03]
 [6.60612594e-04]
 [4.95613761e-04]
 [2.74415634e-03]
 [0.00000000e+00]
 [3.28451473e-03]
 [3.86349505e-03]
 [1.36918114e-03]
 [1.11040218e-03]
 [1.71629368e-03]
 [6.91937858e-04]
 [6.96967718e-04]
 [0.00000000e+00]
 [4.90249936e-04]
 [1.38213060e-03]
 [1.23631590e-03]
 [4.87811439e-04]
 [1.49014529e-03]
 [1.21371207e-03]
 [0.00000000e+00]
 [1.19567638e-03]
 [1.46238470e-03]
 [3.70276923e-04]
 [9.46490359e-04]
 [3.73695558e-03]
 [0.00000000e+00]
 [0.00000000e+00]
 [8.98911564e-04]
 [1.26281155e-03]
 [1.52329249e-03]
 [0.00000000e+00]
 [1.40998156e-03]
 [1.40506868e-03]
 [7.64557388e-04]
 [7.42241201e-04]
 [2.43911972e-03]
 [7.96303962e-05]
 [8.87437885e-04]
 [1.12602531e-03]
 [7.06014872e-04]
 [1.24458829e-04]
 [8.46808715e-04]
 [6.00000000e-06]
 [0.00000000e+00]
 [9.29426167e-04]
 [1.30208794e-03]
 [6.66700832e-04]
 [0.00000000e+00]
 [0.00000000e+00]
 [1.41191820e-03]
 [7.23880881e-03]
 [8.28312139e-04]
 [4.53014404e-03]
 [1.58113883e-03]
 [1.48856172e-03]
 [1.69517197e-03]
 [5.34517539e-04]
 [2.95707457e-03]
 [2.39785988e-03]
 [6.76036242e-04]
 [1.22404453e-03]
 [5.10483105e-04]
 [2.49214452e-02]
 [4.45533388e-04]
 [1.28693434e-04]
 [7.00000000e-04]
 [0.00000000e+00]
 [0.00000000e+00]
 [2.80549639e-03]
 [2.14394496e-04]
 [2.14394496e-04]
 [0.00000000e+00]
 [0.00000000e+00]
 [4.90249936e-04]
 [0.00000000e+00]
 [9.48683298e-04]
 [0.00000000e+00]
 [1.94477402e-03]
 [1.00000000e-03]
 [0.00000000e+00]
 [7.28010989e-04]
 [0.00000000e+00]
 [4.73645863e-02]
 [1.40506868e-03]
 [0.00000000e+00]
 [5.58036737e-04]
 [2.90299845e-04]
 [5.97358351e-04]
 [0.00000000e+00]
 [0.00000000e+00]
 [0.00000000e+00]
 [0.00000000e+00]
 [2.00039996e-03]
 [2.49214452e-02]
 [8.39802358e-04]
 [3.57743428e-03]
 [0.00000000e+00]
 [3.98729231e-04]
 [4.99862081e-03]
 [1.55261070e-04]
 [0.00000000e+00]
 [0.00000000e+00]
 [2.90000000e-04]
 [1.24663547e-03]
 [1.24663547e-03]
 [1.27324860e-03]
 [1.21371207e-03]
 [1.97827248e-03]
 [1.19567638e-03]
 [6.73858294e-04]
 [0.00000000e+00]
 [0.00000000e+00]
 [0.00000000e+00]
 [4.00211194e-04]
 [1.28790372e-03]
 [1.27324860e-03]
 [1.27604702e-03]
 [1.76139150e-04]
 [2.82842712e-06]
 [8.70201126e-04]
 [6.00000000e-06]
 [2.51543237e-04]
 [2.51543237e-04]
 [3.92045916e-04]
 [1.49906638e-04]
 [1.31820522e-03]
 [1.23207954e-03]
 [1.64064896e-03]
 [2.61887781e-03]
 [1.28024763e-03]
 [0.00000000e+00]
 [1.47841435e-03]
 [6.70820394e-06]
 [2.21576375e-03]
 [8.85329882e-04]
 [1.37201312e-03]
 [1.65871818e-03]
 [8.86526367e-04]
 [6.62419806e-04]
 [1.65897348e-03]
 [1.21679333e-03]
 [7.06014872e-04]
 [1.36901790e-03]
 [2.68161146e-03]
 [1.59546263e-03]
 [1.18258446e-03]
 [1.23419650e-03]
 [1.69517197e-03]
 [2.20632772e-03]
 [1.22760417e-03]
 [1.22760417e-03]
 [9.60527459e-04]
 [1.26056019e-03]
 [9.86754782e-04]
 [1.17046999e-05]
 [0.00000000e+00]
 [0.00000000e+00]
 [7.91201618e-05]
 [1.41421356e-05]
 [1.81488650e-03]
 [4.53675931e-03]
 [1.53631768e-03]
 [1.38437712e-04]
 [0.00000000e+00]
 [0.00000000e+00]
 [7.85103815e-04]
 [9.70707474e-04]
 [1.40427704e-03]
 [1.14692807e-03]
 [3.91400051e-04]
 [7.13140940e-04]
 [2.77000000e-04]
 [3.42614944e-02]
 [1.85171515e-03]
 [4.62329969e-04]
 [4.44065311e-04]
 [1.27882759e-04]
 [1.11166992e-03]
 [9.65467762e-04]
 [3.77340019e-03]
 [2.06602638e-03]
 [1.57891102e-03]
 [5.88013605e-04]
 [1.59718033e-03]
 [9.46490359e-04]
 [0.00000000e+00]
 [8.12711511e-05]
 [3.32039154e-04]
 [9.60527459e-04]
 [0.00000000e+00]
 [5.46894003e-03]
 [1.22314758e-03]
 [1.00498756e-05]
 [1.24101450e-03]
 [1.74829774e-03]
 [9.29426167e-04]
 [1.42595827e-03]
 [1.22167508e-03]
 [5.69642871e-04]
 [3.91400051e-04]
 [1.03069346e-03]
 [1.56204994e-03]
 [6.07810826e-04]
 [1.19135301e-03]
 [3.13546073e-03]
 [6.93951007e-04]]
0.0021995553302334415
Point Pattern
785 points
Bounding rectangle [(82.683833,25.180629), (83.12433,25.555)]
Area of window: 0.16490930238699875
Intensity estimate for window: 4760.192352022759
          x          y
0  82.82855  25.485951
1  83.00860  25.555000
2  82.93426  25.279873
3  82.93301  25.367720
4  82.95760  25.227300
[[ 0.70710678 -0.70710678]
 [ 0.70710678 -0.70710678]
 [ 0.70710678 -0.70710678]
 ...
 [ 0.70710678 -0.70710678]
 [ 0.70710678 -0.70710678]
 [ 0.70710678 -0.70710678]]
