0.06410312451823678
0.0
0.011202443153877977
[[6.41031245e-02]
 [3.94096672e-02]
 [2.19459122e-02]
 [2.19459122e-02]
 [3.33837201e-02]
 [6.42401121e-03]
 [6.90261545e-04]
 [6.90261545e-04]
 [3.61347656e-02]
 [3.26284863e-02]
 [3.40096043e-02]
 [1.35002461e-02]
 [5.77725237e-03]
 [2.77165572e-02]
 [7.14437541e-03]
 [1.42100705e-02]
 [8.94487216e-03]
 [3.70275197e-02]
 [2.08825499e-02]
 [3.10478228e-03]
 [2.86395566e-02]
 [3.73425568e-02]
 [1.79787653e-02]
 [2.35860354e-02]
 [2.35860354e-02]
 [1.42100705e-02]
 [5.77725237e-03]
 [8.30519657e-03]
 [3.44479317e-04]
 [3.44479317e-04]
 [1.07703296e-05]
 [1.07703296e-05]
 [7.21110255e-06]
 [7.21110255e-06]
 [4.16512593e-03]
 [4.16512593e-03]
 [3.10478228e-03]
 [2.93142956e-02]
 [8.94487216e-03]
 [1.14662207e-02]
 [1.08673824e-02]
 [8.94142025e-03]
 [1.02840897e-03]
 [1.02840897e-03]
 [5.95021386e-03]
 [2.50000000e-03]
 [5.47552701e-03]
 [8.85145508e-03]
 [2.50000000e-03]
 [2.58932534e-02]
 [4.79366123e-03]
 [1.65530000e-02]
 [1.65530000e-02]
 [1.75687364e-02]
 [1.79787653e-02]
 [2.33976980e-02]
 [2.63527744e-02]
 [2.67202036e-02]
 [2.05436911e-02]
 [1.81826938e-02]
 [2.05436911e-02]
 [2.87686359e-02]
 [3.26284863e-02]
 [2.28515914e-02]
 [2.63527744e-02]
 [3.72186505e-02]
 [2.28515914e-02]
 [3.10928121e-02]
 [4.21734715e-02]
 [5.08877372e-03]
 [3.92053185e-03]
 [6.42401121e-03]
 [6.22529718e-03]
 [4.00981296e-03]
 [5.62655863e-03]
 [5.32573000e-04]
 [1.66972161e-02]
 [3.71064684e-04]
 [3.71064684e-04]
 [3.77100119e-03]
 [1.00605402e-02]
 [5.62146253e-03]
 [4.44610504e-03]
 [2.73965582e-03]
 [1.32848499e-02]
 [2.71792421e-03]
 [3.86349505e-03]
 [3.86349505e-03]
 [9.24002776e-03]
 [3.08307930e-03]
 [2.23411951e-03]
 [9.04114865e-03]
 [8.13841563e-03]
 [6.33420587e-03]
 [4.38638120e-03]
 [4.38638120e-03]
 [6.43940253e-03]
 [1.39292676e-02]
 [1.14787597e-02]
 [3.97417526e-03]
 [3.05075991e-03]
 [2.10258817e-03]
 [4.42865058e-03]
 [4.42865058e-03]
 [1.54507864e-03]
 [2.19988386e-03]
 [9.30184095e-03]
 [4.25941698e-03]
 [3.00918610e-03]
 [1.27161736e-02]
 [4.24900612e-03]
 [1.54507864e-03]
 [3.46586613e-03]
 [1.24470596e-02]
 [1.77529744e-03]
 [5.32573000e-04]
 [3.97417526e-03]
 [5.18953659e-03]
 [2.04072036e-02]
 [4.79509760e-03]
 [4.83306156e-03]
 [4.20493744e-02]
 [0.00000000e+00]
 [0.00000000e+00]
 [9.04114865e-03]
 [8.59739362e-03]
 [2.71792421e-03]
 [6.44703032e-04]
 [6.44703032e-04]
 [3.51896007e-03]
 [4.69876282e-03]
 [4.69876282e-03]
 [8.88270792e-04]
 [8.88270792e-04]
 [2.41676581e-03]
 [2.41676581e-03]
 [1.77529744e-03]
 [8.76660008e-03]
 [4.25941698e-03]
 [6.47670202e-03]
 [1.31981968e-03]
 [0.00000000e+00]
 [0.00000000e+00]
 [1.57093507e-03]
 [7.50007127e-03]
 [5.95021386e-03]
 [1.24955212e-02]
 [9.05610319e-03]
 [4.53014404e-03]
 [8.76660008e-03]
 [3.05075991e-03]
 [5.62655863e-03]
 [2.10258817e-03]
 [6.90206129e-03]
 [9.99999997e-07]
 [9.99999997e-07]
 [4.21734715e-02]
 [2.95707457e-03]
 [2.95707457e-03]
 [5.62143912e-02]
 [5.62143912e-02]]
0.011202443153877977
[[ 0.70710678 -0.70710678]
 [ 0.70710678 -0.70710678]
 [ 0.70710678 -0.70710678]
 [ 0.70710678 -0.70710678]
 [ 0.70710678 -0.70710678]
 [ 0.70710678 -0.70710678]
 [ 0.70710678 -0.70710678]
 [ 0.70710678 -0.70710678]
 [ 0.70710678 -0.70710678]
 [ 0.70710678 -0.70710678]
 [ 0.70710678 -0.70710678]
 [ 0.70710678 -0.70710678]
 [ 0.70710678 -0.70710678]
 [ 0.70710678 -0.70710678]
 [ 0.70710678 -0.70710678]
 [ 0.70710678 -0.70710678]
 [ 0.70710678 -0.70710678]
 [ 0.70710678 -0.70710678]
 [ 0.70710678 -0.70710678]
 [ 0.70710678 -0.70710678]
 [ 0.70710678 -0.70710678]
 [ 0.70710678 -0.70710678]
 [ 0.70710678 -0.70710678]
 [ 0.70710678 -0.70710678]
 [ 0.70710678 -0.70710678]
 [ 0.70710678 -0.70710678]
 [ 0.70710678 -0.70710678]
 [ 0.70710678 -0.70710678]
 [ 0.70710678 -0.70710678]
 [ 0.70710678 -0.70710678]
 [ 0.70710678 -0.70710678]
 [ 0.70710678 -0.70710678]
 [ 0.70710678 -0.70710678]
 [ 0.70710678 -0.70710678]
 [ 0.70710678 -0.70710678]
 [ 0.70710678 -0.70710678]
 [ 0.70710678 -0.70710678]
 [ 0.70710678 -0.70710678]
 [ 0.70710678 -0.70710678]
 [ 0.70710678 -0.70710678]
 [ 0.70710678 -0.70710678]
 [ 0.70710678 -0.70710678]
 [ 0.70710678 -0.70710678]
 [ 0.70710678 -0.70710678]
 [ 0.70710678 -0.70710678]
 [ 0.70710678 -0.70710678]
 [ 0.70710678 -0.70710678]
 [ 0.70710678 -0.70710678]
 [ 0.70710678 -0.70710678]
 [ 0.70710678 -0.70710678]
 [ 0.70710678 -0.70710678]
 [ 0.70710678 -0.70710678]
 [ 0.70710678 -0.70710678]
 [ 0.70710678 -0.70710678]
 [ 0.70710678 -0.70710678]
 [ 0.70710678 -0.70710678]
 [ 0.70710678 -0.70710678]
 [ 0.70710678 -0.70710678]
 [ 0.70710678 -0.70710678]
 [ 0.70710678 -0.70710678]
 [ 0.70710678 -0.70710678]
 [ 0.70710678 -0.70710678]
 [ 0.70710678 -0.70710678]
 [ 0.70710678 -0.70710678]
 [ 0.70710678 -0.70710678]
 [ 0.70710678 -0.70710678]
 [ 0.70710678 -0.70710678]
 [ 0.70710678 -0.70710678]
 [ 0.70710678 -0.70710678]
 [ 0.70710678 -0.70710678]
 [ 0.70710678 -0.70710678]
 [ 0.70710678 -0.70710678]
 [ 0.70710678 -0.70710678]
 [ 0.70710678 -0.70710678]
 [ 0.70710678 -0.70710678]
 [ 0.70710678 -0.70710678]
 [ 0.70710678 -0.70710678]
 [ 0.70710678 -0.70710678]
 [ 0.70710678 -0.70710678]
 [ 0.70710678 -0.70710678]
 [ 0.70710678 -0.70710678]
 [ 0.70710678 -0.70710678]
 [ 0.70710678 -0.70710678]
 [ 0.70710678 -0.70710678]
 [ 0.70710678 -0.70710678]
 [ 0.70710678 -0.70710678]
 [ 0.70710678 -0.70710678]
 [ 0.70710678 -0.70710678]
 [ 0.70710678 -0.70710678]
 [ 0.70710678 -0.70710678]
 [ 0.70710678 -0.70710678]
 [ 0.70710678 -0.70710678]
 [ 0.70710678 -0.70710678]
 [ 0.70710678 -0.70710678]
 [ 0.70710678 -0.70710678]
 [ 0.70710678 -0.70710678]
 [ 0.70710678 -0.70710678]
 [ 0.70710678 -0.70710678]
 [ 0.70710678 -0.70710678]
 [ 0.70710678 -0.70710678]
 [ 0.70710678 -0.70710678]
 [ 0.70710678 -0.70710678]
 [ 0.70710678 -0.70710678]
 [ 0.70710678 -0.70710678]
 [ 0.70710678 -0.70710678]
 [ 0.70710678 -0.70710678]
 [ 0.70710678 -0.70710678]
 [ 0.70710678 -0.70710678]
 [ 0.70710678 -0.70710678]
 [ 0.70710678 -0.70710678]
 [ 0.70710678 -0.70710678]
 [ 0.70710678 -0.70710678]
 [ 0.70710678 -0.70710678]
 [ 0.70710678 -0.70710678]
 [ 0.70710678 -0.70710678]
 [ 0.70710678 -0.70710678]
 [ 0.70710678 -0.70710678]
 [ 0.70710678 -0.70710678]
 [ 0.70710678 -0.70710678]
 [ 0.70710678 -0.70710678]
 [ 0.70710678 -0.70710678]
 [ 0.70710678 -0.70710678]
 [ 0.70710678 -0.70710678]
 [ 0.70710678 -0.70710678]
 [ 0.70710678 -0.70710678]
 [ 0.70710678 -0.70710678]
 [ 0.70710678 -0.70710678]
 [ 0.70710678 -0.70710678]
 [ 0.70710678 -0.70710678]
 [ 0.70710678 -0.70710678]
 [ 0.70710678 -0.70710678]
 [ 0.70710678 -0.70710678]
 [ 0.70710678 -0.70710678]
 [ 0.70710678 -0.70710678]
 [ 0.70710678 -0.70710678]
 [ 0.70710678 -0.70710678]
 [ 0.70710678 -0.70710678]
 [ 0.70710678 -0.70710678]
 [ 0.70710678 -0.70710678]
 [ 0.70710678 -0.70710678]
 [ 0.70710678 -0.70710678]
 [ 0.70710678 -0.70710678]
 [ 0.70710678 -0.70710678]
 [ 0.70710678 -0.70710678]
 [ 0.70710678 -0.70710678]
 [ 0.70710678 -0.70710678]
 [ 0.70710678 -0.70710678]
 [ 0.70710678 -0.70710678]
 [ 0.70710678 -0.70710678]
 [ 0.70710678 -0.70710678]
 [ 0.70710678 -0.70710678]
 [ 0.70710678 -0.70710678]
 [ 0.70710678 -0.70710678]
 [ 0.70710678 -0.70710678]
 [ 0.70710678 -0.70710678]
 [ 0.70710678 -0.70710678]
 [ 0.70710678 -0.70710678]
 [ 0.70710678 -0.70710678]
 [ 0.70710678 -0.70710678]
 [ 0.70710678 -0.70710678]
 [ 0.70710678 -0.70710678]]
