0.14358250283722024
0.0
0.0036362247640230644
[[1.43582503e-01]
 [3.00144115e-03]
 [2.75496733e-03]
 [3.51468989e-03]
 [9.04488806e-04]
 [9.04488806e-04]
 [1.56686396e-02]
 [4.34165867e-03]
 [4.68704566e-03]
 [3.00144115e-03]
 [2.75496733e-03]
 [2.69851830e-03]
 [1.91668803e-03]
 [0.00000000e+00]
 [0.00000000e+00]
 [0.00000000e+00]
 [0.00000000e+00]
/usr/lib/python3/dist-packages/sklearn/externals/joblib.py:1: DeprecationWarning: the imp module is deprecated in favour of importlib; see the module's documentation for alternative uses
  import imp
/usr/lib/python3/dist-packages/sklearn/utils/validation.py:37: DeprecationWarning: distutils Version classes are deprecated. Use packaging.version instead.
  LARGE_SPARSE_SUPPORTED = LooseVersion(scipy_version) >= '0.14.0'
Traceback (most recent call last):
  File "python_ripley_k_function.py", line 44, in <module>
    plt.set_xlabel('distance (x1000000 meters)')
AttributeError: module 'matplotlib.pyplot' has no attribute 'set_xlabel'
000e+00]
 [0.00000000e+00]
 [0.00000000e+00]
 [0.00000000e+00]
 [0.00000000e+00]
 [0.00000000e+00]
 [0.00000000e+00]
 [0.00000000e+00]
 [0.00000000e+00]
 [0.00000000e+00]
 [1.59775405e-03]
 [1.59775405e-03]
 [0.00000000e+00]
 [0.00000000e+00]
 [4.89820375e-03]
 [4.60977223e-03]
 [1.28062485e-03]
 [1.28062485e-03]
 [1.89576607e-03]
 [1.89576607e-03]
 [1.14017543e-03]
 [1.14017543e-03]
 [4.19548817e-03]
 [1.01291905e-03]
 [1.10523210e-03]
 [1.07632895e-03]
 [2.16448608e-04]
 [0.00000000e+00]
 [0.00000000e+00]
 [6.98883181e-03]
 [5.46058037e-03]
 [2.64748277e-03]
 [3.16605259e-03]
 [5.54101074e-04]
 [2.55194377e-03]
 [2.46872923e-03]
 [2.46872923e-03]
 [6.00000000e-04]
 [1.00000000e-04]
 [0.00000000e+00]
 [0.00000000e+00]
 [1.13228662e-03]
 [2.46812419e-03]
 [7.71201660e-04]
 [2.89339403e-03]
 [0.00000000e+00]
 [0.00000000e+00]
 [3.19401002e-03]
 [4.34003986e-03]
 [1.01291905e-03]
 [1.30000000e-03]
 [2.52677126e-03]
 [2.52677126e-03]
 [4.96885792e-03]
 [3.22490310e-03]
 [1.26715114e-03]
 [1.30384048e-03]
 [1.00000000e-04]
 [3.01487844e-03]
 [1.26715114e-03]
 [5.24741841e-04]
 [4.92773061e-03]
 [5.17288933e-03]
 [6.92740933e-04]
 [1.70293864e-05]
 [0.00000000e+00]
 [0.00000000e+00]
 [3.34548726e-03]
 [1.38712436e-03]
 [1.38712436e-03]
 [2.37523262e-03]
 [1.30192358e-03]
 [4.28659539e-03]
 [3.12841573e-03]
 [3.54767755e-03]
 [2.21484650e-03]
 [2.42756689e-03]
 [3.45722432e-03]
 [2.91135467e-03]
 [4.18455374e-03]
 [3.75011306e-03]
 [3.79297298e-03]
 [1.30192358e-03]
 [1.82368473e-03]
 [1.82368473e-03]
 [1.24100766e-04]
 [3.55060685e-03]
 [4.76482151e-03]
 [2.43901661e-03]
 [3.21590081e-03]
 [3.81837662e-03]
 [4.05937261e-03]
 [4.51635008e-03]
 [2.18089385e-03]
 [2.18089385e-03]
 [4.30373907e-03]
 [2.29445593e-03]
 [1.70959674e-03]
 [1.79884685e-03]
 [3.20156212e-05]
 [3.20156212e-05]
 [4.30373907e-03]
 [6.21416092e-03]
 [2.43901661e-03]
 [5.28224573e-03]
 [2.93164752e-02]
 [8.24621125e-04]
 [8.24621125e-04]
 [2.35715867e-03]
 [2.35715867e-03]
 [1.35247366e-03]
 [1.98266084e-03]
 [5.39048235e-03]
 [1.36714630e-03]
 [2.65466627e-03]
 [1.41757248e-02]
 [1.42126704e-03]
 [0.00000000e+00]
 [0.00000000e+00]
 [2.44413277e-03]
 [0.00000000e+00]
 [0.00000000e+00]
 [2.05418329e-03]
 [8.04931227e-03]
 [0.00000000e+00]
 [0.00000000e+00]
 [0.00000000e+00]
 [0.00000000e+00]
 [1.70293864e-03]
 [5.24741841e-04]
 [2.07327036e-03]
 [2.08371231e-03]
 [1.50469831e-03]
 [1.50469831e-03]
 [2.74614275e-03]
 [1.35966614e-03]
 [1.35966614e-03]
 [3.14230807e-04]
 [3.14230807e-04]
 [4.83600041e-04]
 [4.83600041e-04]
 [1.40530566e-03]
 [1.40530566e-03]
 [1.42313597e-03]
 [5.81049981e-03]
 [1.99365794e-03]
 [9.21954446e-04]
 [9.21954446e-04]
 [2.81780056e-03]
 [3.92045916e-03]
 [2.74736255e-03]
 [2.74736255e-03]
 [1.54960898e-03]
 [2.44413277e-03]
 [6.21416092e-03]
 [2.70280539e-03]
 [1.07343235e-03]
 [2.77503099e-03]
 [1.70959674e-03]
 [4.05937261e-03]
 [1.56231399e-03]
 [1.53980031e-03]
 [1.28229248e-03]
 [2.09978904e-03]
 [3.57770876e-03]
 [4.34003986e-03]
 [3.51482816e-03]
 [3.51482816e-03]
 [2.29355292e-03]
 [2.29355292e-03]
 [1.10523210e-03]
 [1.39530248e-03]
 [2.16448608e-04]
 [1.36014705e-03]
 [8.54400375e-04]
 [2.28310425e-03]
 [5.46058037e-03]
 [5.84177071e-03]
 [5.40858281e-03]
 [5.40858281e-03]
 [4.76482151e-03]
 [2.29445593e-03]
 [1.41056726e-04]
 [1.41056726e-04]
 [8.93691781e-04]
 [8.93691781e-04]
 [3.32476781e-03]
 [1.72333195e-03]
 [1.28229248e-03]
 [1.36714630e-03]
 [3.57770876e-03]
 [4.15242098e-04]
 [6.72086304e-05]
 [6.72086304e-05]
 [4.47502447e-03]
 [3.71079506e-03]
 [3.16730753e-03]
 [2.46812419e-03]
 [2.47057888e-03]
 [7.71201660e-04]
 [9.51607592e-03]
 [3.02324329e-03]
 [4.70821633e-03]
 [0.00000000e+00]
 [0.00000000e+00]
 [1.24100766e-04]
 [1.80639890e-03]
 [2.26229662e-03]
 [5.96790625e-03]
 [4.85250214e-03]
 [3.82088485e-03]
 [2.66861013e-03]
 [4.27936175e-03]
 [3.82088485e-03]
 [3.22490310e-03]
 [2.21484650e-03]
 [9.45263984e-04]
 [9.45263984e-04]
 [1.36061457e-03]
 [1.36061457e-03]
 [2.26229662e-03]
 [7.96304853e-02]]
0.0036362247640230644
[[ 0.70710678 -0.70710678]
 [ 0.70710678 -0.70710678]
 [ 0.70710678 -0.70710678]
 [ 0.70710678 -0.70710678]
 [ 0.70710678 -0.70710678]
 [ 0.70710678 -0.70710678]
 [ 0.70710678 -0.70710678]
 [ 0.70710678 -0.70710678]
 [ 0.70710678 -0.70710678]
 [ 0.70710678 -0.70710678]
 [ 0.70710678 -0.70710678]
 [ 0.70710678 -0.70710678]
 [ 0.70710678 -0.70710678]
 [ 0.70710678 -0.70710678]
 [ 0.70710678 -0.70710678]
 [ 0.70710678 -0.70710678]
 [ 0.70710678 -0.70710678]
 [ 0.70710678 -0.70710678]
 [ 0.70710678 -0.70710678]
 [ 0.70710678 -0.70710678]
 [ 0.70710678 -0.70710678]
 [ 0.70710678 -0.70710678]
 [ 0.70710678 -0.70710678]
 [ 0.70710678 -0.70710678]
 [ 0.70710678 -0.70710678]
 [ 0.70710678 -0.70710678]
 [ 0.70710678 -0.70710678]
 [ 0.70710678 -0.70710678]
 [ 0.70710678 -0.70710678]
 [ 0.70710678 -0.70710678]
 [ 0.70710678 -0.70710678]
 [ 0.70710678 -0.70710678]
 [ 0.70710678 -0.70710678]
 [ 0.70710678 -0.70710678]
 [ 0.70710678 -0.70710678]
 [ 0.70710678 -0.70710678]
 [ 0.70710678 -0.70710678]
 [ 0.70710678 -0.70710678]
 [ 0.70710678 -0.70710678]
 [ 0.70710678 -0.70710678]
 [ 0.70710678 -0.70710678]
 [ 0.70710678 -0.70710678]
 [ 0.70710678 -0.70710678]
 [ 0.70710678 -0.70710678]
 [ 0.70710678 -0.70710678]
 [ 0.70710678 -0.70710678]
 [ 0.70710678 -0.70710678]
 [ 0.70710678 -0.70710678]
 [ 0.70710678 -0.70710678]
 [ 0.70710678 -0.70710678]
 [ 0.70710678 -0.70710678]
 [ 0.70710678 -0.70710678]
 [ 0.70710678 -0.70710678]
 [ 0.70710678 -0.70710678]
 [ 0.70710678 -0.70710678]
 [ 0.70710678 -0.70710678]
 [ 0.70710678 -0.70710678]
 [ 0.70710678 -0.70710678]
 [ 0.70710678 -0.70710678]
 [ 0.70710678 -0.70710678]
 [ 0.70710678 -0.70710678]
 [ 0.70710678 -0.70710678]
 [ 0.70710678 -0.70710678]
 [ 0.70710678 -0.70710678]
 [ 0.70710678 -0.70710678]
 [ 0.70710678 -0.70710678]
 [ 0.70710678 -0.70710678]
 [ 0.70710678 -0.70710678]
 [ 0.70710678 -0.70710678]
 [ 0.70710678 -0.70710678]
 [ 0.70710678 -0.70710678]
 [ 0.70710678 -0.70710678]
 [ 0.70710678 -0.70710678]
 [ 0.70710678 -0.70710678]
 [ 0.70710678 -0.70710678]
 [ 0.70710678 -0.70710678]
 [ 0.70710678 -0.70710678]
 [ 0.70710678 -0.70710678]
 [ 0.70710678 -0.70710678]
 [ 0.70710678 -0.70710678]
 [ 0.70710678 -0.70710678]
 [ 0.70710678 -0.70710678]
 [ 0.70710678 -0.70710678]
 [ 0.70710678 -0.70710678]
 [ 0.70710678 -0.70710678]
 [ 0.70710678 -0.70710678]
 [ 0.70710678 -0.70710678]
 [ 0.70710678 -0.70710678]
 [ 0.70710678 -0.70710678]
 [ 0.70710678 -0.70710678]
 [ 0.70710678 -0.70710678]
 [ 0.70710678 -0.70710678]
 [ 0.70710678 -0.70710678]
 [ 0.70710678 -0.70710678]
 [ 0.70710678 -0.70710678]
 [ 0.70710678 -0.70710678]
 [ 0.70710678 -0.70710678]
 [ 0.70710678 -0.70710678]
 [ 0.70710678 -0.70710678]
 [ 0.70710678 -0.70710678]
 [ 0.70710678 -0.70710678]
 [ 0.70710678 -0.70710678]
 [ 0.70710678 -0.70710678]
 [ 0.70710678 -0.70710678]
 [ 0.70710678 -0.70710678]
 [ 0.70710678 -0.70710678]
 [ 0.70710678 -0.70710678]
 [ 0.70710678 -0.70710678]
 [ 0.70710678 -0.70710678]
 [ 0.70710678 -0.70710678]
 [ 0.70710678 -0.70710678]
 [ 0.70710678 -0.70710678]
 [ 0.70710678 -0.70710678]
 [ 0.70710678 -0.70710678]
 [ 0.70710678 -0.70710678]
 [ 0.70710678 -0.70710678]
 [ 0.70710678 -0.70710678]
 [ 0.70710678 -0.70710678]
 [ 0.70710678 -0.70710678]
 [ 0.70710678 -0.70710678]
 [ 0.70710678 -0.70710678]
 [ 0.70710678 -0.70710678]
 [ 0.70710678 -0.70710678]
 [ 0.70710678 -0.70710678]
 [ 0.70710678 -0.70710678]
 [ 0.70710678 -0.70710678]
 [ 0.70710678 -0.70710678]
 [ 0.70710678 -0.70710678]
 [ 0.70710678 -0.70710678]
 [ 0.70710678 -0.70710678]
 [ 0.70710678 -0.70710678]
 [ 0.70710678 -0.70710678]
 [ 0.70710678 -0.70710678]
 [ 0.70710678 -0.70710678]
 [ 0.70710678 -0.70710678]
 [ 0.70710678 -0.70710678]
 [ 0.70710678 -0.70710678]
 [ 0.70710678 -0.70710678]
 [ 0.70710678 -0.70710678]
 [ 0.70710678 -0.70710678]
 [ 0.70710678 -0.70710678]
 [ 0.70710678 -0.70710678]
 [ 0.70710678 -0.70710678]
 [ 0.70710678 -0.70710678]
 [ 0.70710678 -0.70710678]
 [ 0.70710678 -0.70710678]
 [ 0.70710678 -0.70710678]
 [ 0.70710678 -0.70710678]
 [ 0.70710678 -0.70710678]
 [ 0.70710678 -0.70710678]
 [ 0.70710678 -0.70710678]
 [ 0.70710678 -0.70710678]
 [ 0.70710678 -0.70710678]
 [ 0.70710678 -0.70710678]
 [ 0.70710678 -0.70710678]
 [ 0.70710678 -0.70710678]
 [ 0.70710678 -0.70710678]
 [ 0.70710678 -0.70710678]
 [ 0.70710678 -0.70710678]
 [ 0.70710678 -0.70710678]
 [ 0.70710678 -0.70710678]
 [ 0.70710678 -0.70710678]
 [ 0.70710678 -0.70710678]
 [ 0.70710678 -0.70710678]
 [ 0.70710678 -0.70710678]
 [ 0.70710678 -0.70710678]
 [ 0.70710678 -0.70710678]
 [ 0.70710678 -0.70710678]
 [ 0.70710678 -0.70710678]
 [ 0.70710678 -0.70710678]
 [ 0.70710678 -0.70710678]
 [ 0.70710678 -0.70710678]
 [ 0.70710678 -0.70710678]
 [ 0.70710678 -0.70710678]
 [ 0.70710678 -0.70710678]
 [ 0.70710678 -0.70710678]
 [ 0.70710678 -0.70710678]
 [ 0.70710678 -0.70710678]
 [ 0.70710678 -0.70710678]
 [ 0.70710678 -0.70710678]
 [ 0.70710678 -0.70710678]
 [ 0.70710678 -0.70710678]
 [ 0.70710678 -0.70710678]
 [ 0.70710678 -0.70710678]
 [ 0.70710678 -0.70710678]
 [ 0.70710678 -0.70710678]
 [ 0.70710678 -0.70710678]
 [ 0.70710678 -0.70710678]
 [ 0.70710678 -0.70710678]
 [ 0.70710678 -0.70710678]
 [ 0.70710678 -0.70710678]
 [ 0.70710678 -0.70710678]
 [ 0.70710678 -0.70710678]
 [ 0.70710678 -0.70710678]
 [ 0.70710678 -0.70710678]
 [ 0.70710678 -0.70710678]
 [ 0.70710678 -0.70710678]
 [ 0.70710678 -0.70710678]
 [ 0.70710678 -0.70710678]
 [ 0.70710678 -0.70710678]
 [ 0.70710678 -0.70710678]
 [ 0.70710678 -0.70710678]
 [ 0.70710678 -0.70710678]
 [ 0.70710678 -0.70710678]
 [ 0.70710678 -0.70710678]
 [ 0.70710678 -0.70710678]
 [ 0.70710678 -0.70710678]
 [ 0.70710678 -0.70710678]
 [ 0.70710678 -0.70710678]
 [ 0.70710678 -0.70710678]
 [ 0.70710678 -0.70710678]
 [ 0.70710678 -0.70710678]
 [ 0.70710678 -0.70710678]
 [ 0.70710678 -0.70710678]
 [ 0.70710678 -0.70710678]
 [ 0.70710678 -0.70710678]
 [ 0.70710678 -0.70710678]
 [ 0.70710678 -0.70710678]
 [ 0.70710678 -0.70710678]
 [ 0.70710678 -0.70710678]
 [ 0.70710678 -0.70710678]
 [ 0.70710678 -0.70710678]
 [ 0.70710678 -0.70710678]
 [ 0.70710678 -0.70710678]
 [ 0.70710678 -0.70710678]
 [ 0.70710678 -0.70710678]
 [ 0.70710678 -0.70710678]
 [ 0.70710678 -0.70710678]
 [ 0.70710678 -0.70710678]
 [ 0.70710678 -0.70710678]
 [ 0.70710678 -0.70710678]
 [ 0.70710678 -0.70710678]
 [ 0.70710678 -0.70710678]
 [ 0.70710678 -0.70710678]
 [ 0.70710678 -0.70710678]
 [ 0.70710678 -0.70710678]
 [ 0.70710678 -0.70710678]
 [ 0.70710678 -0.70710678]
 [ 0.70710678 -0.70710678]
 [ 0.70710678 -0.70710678]
 [ 0.70710678 -0.70710678]
 [ 0.70710678 -0.70710678]
 [ 0.70710678 -0.70710678]
 [ 0.70710678 -0.70710678]
 [ 0.70710678 -0.70710678]
 [ 0.70710678 -0.70710678]
 [ 0.70710678 -0.70710678]
 [ 0.70710678 -0.70710678]
 [ 0.70710678 -0.70710678]
 [ 0.70710678 -0.70710678]
 [ 0.70710678 -0.70710678]
 [ 0.70710678 -0.70710678]
 [ 0.70710678 -0.70710678]
 [ 0.70710678 -0.70710678]
 [ 0.70710678 -0.70710678]
 [ 0.70710678 -0.70710678]
 [ 0.70710678 -0.70710678]
 [ 0.70710678 -0.70710678]
 [ 0.70710678 -0.70710678]
 [ 0.70710678 -0.70710678]
 [ 0.70710678 -0.70710678]
 [ 0.70710678 -0.70710678]
 [ 0.70710678 -0.70710678]
 [ 0.70710678 -0.70710678]
 [ 0.70710678 -0.70710678]
 [ 0.70710678 -0.70710678]
 [ 0.70710678 -0.70710678]
 [ 0.70710678 -0.70710678]
 [ 0.70710678 -0.70710678]
 [ 0.70710678 -0.70710678]
 [ 0.70710678 -0.70710678]
 [ 0.70710678 -0.70710678]
 [ 0.70710678 -0.70710678]
 [ 0.70710678 -0.70710678]]
