0.14577297996885383
0.0
0.007553524659331532
[[3.11895319e-02]
 [1.30009615e-01]
 [4.53768664e-02]
 [1.68794846e-02]
 [1.49586096e-02]
 [6.06807757e-02]
 [2.22954816e-03]
 [3.50570963e-03]
 [3.12041600e-03]
 [3.12041600e-03]
 [2.22954816e-03]
 [6.93531290e-03]
 [4.91752428e-03]
 [1.98678049e-02]
 [5.06567829e-02]
 [1.45772980e-01]
 [6.37588837e-02]
 [3.11895319e-02]
 [1.53089908e-03]
 [1.66676003e-03]
 [3.08102905e-03]
 [1.53089908e-03]
 [2.60880912e-03]
 [6.59552879e-03]
 [6.17692003e-03]
 [3.48855271e-03]
 [4.30813185e-03]
 [1.64924225e-03]
 [1.64924225e-03]
 [8.40000000e-05]
 [0.00000000e+00]
 [0.00000000e+00]
 [0.00000000e+00]
 [0.00000000e+00]
 [0.00000000e+00]
 [0.00000000e+00]
 [0.00000000e+00]
 [0.00000000e+00]
 [0.00000000e+00]
 [0.00000000e+00]
 [0.00000000e+00]
 [3.90844176e-03]
 [1.54251872e-03]
 [2.31572105e-03]
 [1.40459959e-03]
 [2.88617394e-03]
 [2.28035085e-03]
 [0.00000000e+00]
 [0.00000000e+00]
 [4.16498703e-03]
 [9.87167666e-03]
 [6.93531290e-03]
 [4.30813185e-03]
 [4.26951988e-03]
 [1.40459959e-03]
 [6.99077249e-03]
 [0.00000000e+00]
 [0.00000000e+00]
 [3.64005494e-03]
 [3.64005494e-03]
 [2.31572105e-03]
 [4.16498703e-03]
 [1.66676003e-03]
 [3.08102905e-03]
 [5.27730992e-03]
 [5.18652099e-03]
 [5.46097665e-03]
 [6.36967134e-03]
 [2.18406273e-03]
 [2.18406273e-03]
 [4.49043973e-03]
 [1.91145861e-03]
 [1.26678491e-03]
 [8.15414005e-03]
 [5.28109837e-03]
 [3.20069617e-03]
 [3.22818788e-03]
 [6.34660933e-03]
 [5.18652099e-03]
 [2.51927470e-03]
 [2.58275047e-04]
 [2.58275047e-04]
 [4.29418211e-03]
 [1.49737085e-02]
 [6.93429052e-03]
 [7.24300062e-03]
 [4.75394573e-03]
 [4.81418674e-03]
 [0.00000000e+00]
 [0.00000000e+00]
 [0.00000000e+00]
 [1.89844278e-03]
 [3.37342556e-03]
 [1.74642492e-03]
 [1.92353841e-03]
 [2.04387989e-03]
 [2.28035085e-03]
 [4.68014572e-03]
 [0.00000000e+00]
 [0.00000000e+00]
 [2.26715681e-03]
 [2.07416706e-03]
 [2.84822752e-03]
 [2.84822752e-03]
 [3.55697807e-03]
 [4.02035881e-03]
 [1.43178211e-03]
 [1.43178211e-03]
 [3.48855271e-03]
 [6.24991048e-03]
 [3.04154945e-02]
 [1.51442035e-03]
 [1.51442035e-03]
 [1.74642492e-03]
 [2.34307490e-03]
 [4.07101425e-03]
 [4.53256627e-03]
 [2.61492964e-03]
 [2.61492964e-03]
 [2.04387989e-03]
 [6.32607303e-03]
 [6.32607303e-03]
 [1.89844278e-03]
 [6.59552879e-03]
 [1.55456135e-03]
 [1.55456135e-03]
 [6.36967134e-03]
 [6.61625423e-03]
 [1.00758374e-03]
 [1.00758374e-03]
 [6.24991048e-03]
 [2.42280437e-03]
 [2.42280437e-03]
 [1.99060292e-03]
 [1.23130013e-02]
 [6.06822849e-03]
 [3.90354634e-03]
 [4.62568914e-02]
 [3.16327694e-03]
 [4.67546789e-03]
 [3.76231099e-03]
 [3.41320963e-03]
 [3.41320963e-03]
 [8.49200212e-04]
 [8.49200212e-04]
 [7.30651285e-03]
 [7.13865884e-03]]
0.007553524659331532
[[ 0.70710678 -0.70710678]
 [ 0.70710678 -0.70710678]
 [ 0.70710678 -0.70710678]
 [ 0.70710678 -0.70710678]
 [ 0.70710678 -0.70710678]
 [ 0.70710678 -0.70710678]
 [ 0.70710678 -0.70710678]
 [ 0.70710678 -0.70710678]
 [ 0.70710678 -0.70710678]
 [ 0.70710678 -0.70710678]
 [ 0.70710678 -0.70710678]
 [ 0.70710678 -0.70710678]
 [ 0.70710678 -0.70710678]
 [ 0.70710678 -0.70710678]
 [ 0.70710678 -0.70710678]
 [ 0.70710678 -0.70710678]
 [ 0.70710678 -0.70710678]
 [ 0.70710678 -0.70710678]
 [ 0.70710678 -0.70710678]
 [ 0.70710678 -0.70710678]
 [ 0.70710678 -0.70710678]
 [ 0.70710678 -0.70710678]
 [ 0.70710678 -0.70710678]
 [ 0.70710678 -0.70710678]
 [ 0.70710678 -0.70710678]
 [ 0.70710678 -0.70710678]
 [ 0.70710678 -0.70710678]
 [ 0.70710678 -0.70710678]
 [ 0.70710678 -0.70710678]
 [ 0.70710678 -0.70710678]
 [ 0.70710678 -0.70710678]
 [ 0.70710678 -0.70710678]
 [ 0.70710678 -0.70710678]
 [ 0.70710678 -0.70710678]
 [ 0.70710678 -0.70710678]
 [ 0.70710678 -0.70710678]
 [ 0.70710678 -0.70710678]
 [ 0.70710678 -0.70710678]
 [ 0.70710678 -0.70710678]
 [ 0.70710678 -0.70710678]
 [ 0.70710678 -0.70710678]
 [ 0.70710678 -0.70710678]
 [ 0.70710678 -0.70710678]
 [ 0.70710678 -0.70710678]
 [ 0.70710678 -0.70710678]
 [ 0.70710678 -0.70710678]
 [ 0.70710678 -0.70710678]
 [ 0.70710678 -0.70710678]
 [ 0.70710678 -0.70710678]
 [ 0.70710678 -0.70710678]
 [ 0.70710678 -0.70710678]
 [ 0.70710678 -0.70710678]
 [ 0.70710678 -0.70710678]
 [ 0.70710678 -0.70710678]
 [ 0.70710678 -0.70710678]
 [ 0.70710678 -0.70710678]
 [ 0.70710678 -0.70710678]
 [ 0.70710678 -0.70710678]
 [ 0.70710678 -0.70710678]
 [ 0.70710678 -0.70710678]
 [ 0.70710678 -0.70710678]
 [ 0.70710678 -0.70710678]
 [ 0.70710678 -0.70710678]
 [ 0.70710678 -0.70710678]
 [ 0.70710678 -0.70710678]
 [ 0.70710678 -0.70710678]
 [ 0.70710678 -0.70710678]
 [ 0.70710678 -0.70710678]
 [ 0.70710678 -0.70710678]
 [ 0.70710678 -0.70710678]
 [ 0.70710678 -0.70710678]
 [ 0.70710678 -0.70710678]
 [ 0.70710678 -0.70710678]
 [ 0.70710678 -0.70710678]
 [ 0.70710678 -0.70710678]
 [ 0.70710678 -0.70710678]
 [ 0.70710678 -0.70710678]
 [ 0.70710678 -0.70710678]
 [ 0.70710678 -0.70710678]
 [ 0.70710678 -0.70710678]
 [ 0.70710678 -0.70710678]
 [ 0.70710678 -0.70710678]
 [ 0.70710678 -0.70710678]
 [ 0.70710678 -0.70710678]
 [ 0.70710678 -0.70710678]
 [ 0.70710678 -0.70710678]
 [ 0.70710678 -0.70710678]
 [ 0.70710678 -0.70710678]
 [ 0.70710678 -0.70710678]
 [ 0.70710678 -0.70710678]
 [ 0.70710678 -0.70710678]
 [ 0.70710678 -0.70710678]
 [ 0.70710678 -0.70710678]
 [ 0.70710678 -0.70710678]
 [ 0.70710678 -0.70710678]
 [ 0.70710678 -0.70710678]
 [ 0.70710678 -0.70710678]
 [ 0.70710678 -0.70710678]
 [ 0.70710678 -0.70710678]
 [ 0.70710678 -0.70710678]
 [ 0.70710678 -0.70710678]
 [ 0.70710678 -0.70710678]
 [ 0.70710678 -0.70710678]
 [ 0.70710678 -0.70710678]
 [ 0.70710678 -0.70710678]
 [ 0.70710678 -0.70710678]
 [ 0.70710678 -0.70710678]
 [ 0.70710678 -0.70710678]
 [ 0.70710678 -0.70710678]
 [ 0.70710678 -0.70710678]
 [ 0.70710678 -0.70710678]
 [ 0.70710678 -0.70710678]
 [ 0.70710678 -0.70710678]
 [ 0.70710678 -0.70710678]
 [ 0.70710678 -0.70710678]
 [ 0.70710678 -0.70710678]
 [ 0.70710678 -0.70710678]
 [ 0.70710678 -0.70710678]
 [ 0.70710678 -0.70710678]
 [ 0.70710678 -0.70710678]
 [ 0.70710678 -0.70710678]
 [ 0.70710678 -0.70710678]
 [ 0.70710678 -0.70710678]
 [ 0.70710678 -0.70710678]
 [ 0.70710678 -0.70710678]
 [ 0.70710678 -0.70710678]
 [ 0.70710678 -0.70710678]
 [ 0.70710678 -0.70710678]
 [ 0.70710678 -0.70710678]
 [ 0.70710678 -0.70710678]
 [ 0.70710678 -0.70710678]
 [ 0.70710678 -0.70710678]
 [ 0.70710678 -0.70710678]
 [ 0.70710678 -0.70710678]
 [ 0.70710678 -0.70710678]
 [ 0.70710678 -0.70710678]
 [ 0.70710678 -0.70710678]
 [ 0.70710678 -0.70710678]
 [ 0.70710678 -0.70710678]
 [ 0.70710678 -0.70710678]
 [ 0.70710678 -0.70710678]
 [ 0.70710678 -0.70710678]
 [ 0.70710678 -0.70710678]
 [ 0.70710678 -0.70710678]
 [ 0.70710678 -0.70710678]
 [ 0.70710678 -0.70710678]
 [ 0.70710678 -0.70710678]]
