0.027072754495985587
0.0
0.00853895729551923
[[6.59436616e-03]
 [1.71826869e-02]
 [1.32937079e-02]
 [2.56357557e-02]
 [1.64173689e-02]
 [1.70236986e-02]
 [1.23598943e-02]
 [6.59436616e-03]
 [1.80980640e-02]
 [1.29661347e-02]
 [1.14957583e-02]
 [1.14957583e-02]
 [7.42496882e-03]
 [1.23598943e-02]
 [1.93949841e-02]
 [9.74804929e-03]
 [3.00252960e-03]
 /usr/lib/python3/dist-packages/sklearn/externals/joblib.py:1: DeprecationWarning: the imp module is deprecated in favour of importlib; see the module's documentation for alternative uses
  import imp
/usr/lib/python3/dist-packages/sklearn/utils/validation.py:37: DeprecationWarning: distutils Version classes are deprecated. Use packaging.version instead.
  LARGE_SPARSE_SUPPORTED = LooseVersion(scipy_version) >= '0.14.0'
50e-03]
 [1.77900450e-03]
 [1.89551736e-02]
 [2.49309518e-02]
 [2.28354433e-02]
 [1.44450036e-02]
 [1.07601157e-02]
 [1.52909338e-02]
 [7.03639112e-04]
 [7.03639112e-04]
 [9.20446115e-03]
 [1.79848580e-02]
 [1.26081163e-02]
 [8.87521363e-03]
 [1.07601157e-02]
 [1.56611580e-02]
 [2.23642618e-02]
 [2.06826503e-02]
 [1.19790958e-02]
 [1.43644207e-02]
 [1.86479872e-02]
 [0.00000000e+00]
 [0.00000000e+00]
 [4.15014759e-03]
 [6.31629527e-03]
 [6.99424942e-03]
 [5.41606508e-03]
 [1.05378281e-02]
 [1.73697425e-02]
 [4.38529189e-03]
 [9.89547295e-03]
 [5.96768205e-03]
 [6.77965080e-03]
 [6.20572389e-03]
 [1.03005848e-02]
 [5.96768205e-03]
 [5.76771575e-03]
 [7.40428633e-03]
 [7.23713935e-03]
 [1.06520939e-02]
 [1.64329425e-03]
 [1.64329425e-03]
 [1.09842455e-02]
 [3.33097118e-03]
 [8.11584407e-03]
 [1.77938894e-03]
 [1.00085038e-02]
 [1.68891474e-03]
 [3.23283235e-03]
 [9.84506521e-03]
 [1.16275267e-02]
 [1.54155765e-02]
 [6.63905686e-03]
 [1.34685170e-02]
 [1.68681664e-02]
 [9.21429498e-03]
 [1.00501007e-02]
 [1.06906512e-02]
 [1.16275267e-02]
 [1.37130954e-02]
 [1.07022241e-03]
 [1.07022241e-03]
 [8.87521363e-03]
 [5.06280594e-03]
 [4.30207113e-03]
 [1.25005092e-02]
 [1.43644207e-02]
 [2.32173597e-02]
 [2.26420890e-02]
 [6.52712716e-03]
 [1.13715837e-02]
 [1.35010050e-02]
 [1.37870954e-02]
 [1.49886566e-02]
 [1.55770633e-03]
 [1.55770633e-03]
 [1.77938894e-03]
 [3.25214145e-03]
 [4.54383450e-03]
 [1.10435774e-02]
 [7.40428633e-03]
 [7.23713935e-03]
 [4.38529189e-03]
 [3.00677651e-03]
 [1.44450036e-02]
 [1.00085038e-02]
 [2.56550190e-04]
 [2.56550190e-04]
 [1.11276597e-02]
 [3.59544601e-03]
 [4.88050295e-03]
 [4.25229738e-03]
 [2.35146784e-03]
 [6.95686036e-03]
 [9.53242870e-03]
 [9.53242870e-03]
 [6.63905686e-03]
 [1.54535465e-02]
 [4.98158378e-03]
 [1.49439198e-02]
 [8.62115549e-03]
 [3.33097118e-03]
 [6.94551150e-03]
 [1.58440619e-02]
 [4.88050295e-03]
 [6.59148693e-04]
 [6.59148693e-04]
 [1.66925033e-02]
 [8.00430365e-03]
 [9.21429498e-03]
 [8.77324780e-03]
 [8.77324780e-03]
 [5.26427697e-03]
 [1.94933134e-02]
 [2.33750695e-02]
 [2.72943218e-03]
 [1.71646439e-03]
 [2.70927075e-03]
 [4.98158378e-03]
 [1.14612806e-02]
 [5.41606508e-03]
 [9.14427848e-03]
 [1.71646439e-03]
 [1.24359835e-02]
 [1.18444769e-02]
 [9.46226495e-03]
 [8.00430365e-03]
 [2.37540660e-02]
 [1.94001620e-02]
 [1.10435774e-02]
 [1.39169237e-02]
 [4.98094971e-03]
 [4.98094971e-03]
 [3.59544601e-03]
 [1.50819757e-02]
 [2.17305724e-02]
 [4.15014759e-03]
 [1.09842455e-02]
 [6.31629527e-03]
 [7.96284635e-03]
 [1.44715238e-02]
 [6.20572389e-03]
 [1.79173659e-02]
 [0.00000000e+00]
 [0.00000000e+00]
 [2.00969302e-02]
 [7.74397340e-03]
 [1.22216500e-02]
 [1.25005092e-02]
 [1.22134434e-02]
 [9.55919039e-03]
 [4.15813901e-03]
 [1.28979068e-02]
 [1.35010050e-02]
 [3.54048372e-03]
 [1.11356074e-02]
 [2.02541572e-02]
 [5.26427697e-03]
 [9.53223458e-03]
 [2.44300982e-02]
 [1.19060699e-02]
 [3.80343029e-03]
 [0.00000000e+00]
 [0.00000000e+00]
 [1.00000000e-06]
 [1.00000000e-06]
 [1.46119367e-02]
 [2.23606798e-02]
 [2.56322539e-02]
 [2.52251904e-02]
 [9.89547295e-03]
 [1.52127240e-02]
 [1.77704064e-02]
 [1.78076013e-02]
 [1.12509735e-02]
 [1.37870954e-02]
 [0.00000000e+00]
 [0.00000000e+00]
 [2.11728595e-02]
 [1.11356074e-02]
 [4.54383450e-03]
 [4.25229738e-03]
 [1.16675458e-02]
 [1.47580487e-04]
 [2.29268402e-04]
 [1.50332964e-05]
 [1.50332964e-05]
 [1.97230829e-05]
 [3.26955654e-05]
 [7.42765104e-05]
 [3.45253530e-05]
 [4.24852916e-05]
 [3.45253530e-05]
 [4.24852916e-05]
 [2.99546324e-04]
 [0.00000000e+00]
 [0.00000000e+00]
 [1.11276597e-02]
 [1.72650515e-02]
 [9.55919039e-03]
 [1.22216500e-02]
 [7.74397340e-03]
 [2.14163694e-02]
 [5.67271928e-03]
 [0.00000000e+00]
 [0.00000000e+00]
 [1.80183939e-02]
 [7.84560119e-03]
 [2.44300982e-02]
 [5.48337597e-03]
 [1.14784908e-02]
 [1.60247465e-03]
 [1.60247465e-03]
 [1.74983571e-03]
 [1.13715837e-02]
 [5.06280594e-03]
 [0.00000000e+00]
 [0.00000000e+00]
 [1.14784908e-02]
 [6.92114160e-03]
 [3.29098116e-03]
 [3.29098116e-03]
 [3.97035817e-03]
 [3.58231392e-03]
 [2.52761650e-02]
 [6.84353651e-03]
 [1.10856387e-02]
 [4.95849987e-03]
 [1.68144016e-02]
 [8.16777258e-03]
 [6.84353651e-03]
 [6.71357580e-03]
 [1.03942292e-03]
 [1.03942292e-03]
 [7.95062891e-03]
 [5.70087713e-04]
 [5.70087713e-04]
 [3.43679444e-03]
 [1.16639609e-02]
 [6.50095531e-03]
 [1.03790459e-02]
 [5.85534739e-03]
 [5.99082632e-03]
 [7.83408635e-03]
 [3.25109705e-03]
 [1.65137686e-02]
 [1.51765306e-02]
 [1.16545121e-02]
 [0.00000000e+00]
 [0.00000000e+00]
 [1.52750168e-02]
 [1.03790459e-02]
 [2.88250065e-03]
 [1.04413034e-02]
 [1.33170074e-02]
 [5.69992509e-03]
 [2.53778821e-03]
 [2.14394496e-04]
 [2.14394496e-04]
 [1.09384642e-02]
 [3.00000000e-05]
 [3.00000000e-05]
 [8.16777258e-03]
 [2.55255206e-03]
 [2.55255206e-03]
 [6.11148509e-03]
 [7.48088898e-03]
 [1.04413034e-02]
 [7.28354309e-03]
 [1.90432797e-03]
 [7.89522843e-03]
 [1.51948453e-02]
 [1.90432797e-03]
 [4.16385639e-03]
 [4.16385639e-03]
 [4.03441446e-03]
 [7.89522843e-03]
 [9.61515637e-03]
 [7.48088898e-03]
 [1.16545121e-02]
 [1.52800923e-02]
 [2.60227689e-03]
 [2.60227689e-03]
 [1.27536857e-03]
 [1.27536857e-03]
 [2.42380165e-02]
 [6.02937617e-03]
 [5.85534739e-03]
 [1.52800923e-02]
 [9.94120717e-04]
 [9.94120717e-04]
 [1.08794754e-02]
 [6.02937617e-03]
 [1.02518420e-02]
 [3.81508388e-03]
 [1.13143997e-02]
 [6.80983179e-03]
 [0.00000000e+00]
 [0.00000000e+00]
 [6.60984115e-04]
 [7.41728481e-03]
 [3.25109705e-03]
 [3.81508388e-03]
 [4.95849987e-03]
 [7.41728481e-03]
 [1.33729364e-02]
 [2.53778821e-03]
 [6.50095531e-03]
 [1.97873545e-03]
 [1.22788534e-02]
 [2.33874924e-03]
 [6.11148509e-03]
 [1.34579111e-02]
 [9.44016017e-03]
 [9.44016017e-03]
 [3.05059011e-04]
 [3.05059011e-04]
 [3.43679444e-03]
 [1.91049732e-03]
 [0.00000000e+00]
 [0.00000000e+00]
 [2.88250065e-03]
 [1.46276888e-02]
 [2.70727545e-02]
 [8.49200212e-04]
 [8.49200212e-04]
 [6.71357580e-03]
 [3.68994051e-03]
 [1.28351723e-02]
 [2.70727545e-02]
 [2.32375501e-02]
 [3.58231392e-03]
 [1.28351723e-02]
 [1.08794754e-02]]
0.00853895729551923
Point Pattern
374 points
Bounding rectangle [(82.676111,25.1858), (83.1726,25.552245)]
Area of window: 0.18193591160499878
Intensity estimate for window: 2055.668925945702
           x          y
0  82.737411  25.532179
1  82.933246  25.514711
2  82.935494  25.531746
3  82.863300  25.525000
4  82.772400  25.495200
[[ 0.70710678 -0.70710678]
 [ 0.70710678 -0.70710678]
 [ 0.70710678 -0.70710678]
 [ 0.70710678 -0.70710678]
 [ 0.70710678 -0.70710678]
 [ 0.70710678 -0.70710678]
 [ 0.70710678 -0.70710678]
 [ 0.70710678 -0.70710678]
 [ 0.70710678 -0.70710678]
 [ 0.70710678 -0.70710678]
 [ 0.70710678 -0.70710678]
 [ 0.70710678 -0.70710678]
 [ 0.70710678 -0.70710678]
 [ 0.70710678 -0.70710678]
 [ 0.70710678 -0.70710678]
 [ 0.70710678 -0.70710678]
 [ 0.70710678 -0.70710678]
 [ 0.70710678 -0.70710678]
 [ 0.70710678 -0.70710678]
 [ 0.70710678 -0.70710678]
 [ 0.70710678 -0.70710678]
 [ 0.70710678 -0.70710678]
 [ 0.70710678 -0.70710678]
 [ 0.70710678 -0.70710678]
 [ 0.70710678 -0.70710678]
 [ 0.70710678 -0.70710678]
 [ 0.70710678 -0.70710678]
 [ 0.70710678 -0.70710678]
 [ 0.70710678 -0.70710678]
 [ 0.70710678 -0.70710678]
 [ 0.70710678 -0.70710678]
 [ 0.70710678 -0.70710678]
 [ 0.70710678 -0.70710678]
 [ 0.70710678 -0.70710678]
 [ 0.70710678 -0.70710678]
 [ 0.70710678 -0.70710678]
 [ 0.70710678 -0.70710678]
 [ 0.70710678 -0.70710678]
 [ 0.70710678 -0.70710678]
 [ 0.70710678 -0.70710678]
 [ 0.70710678 -0.70710678]
 [ 0.70710678 -0.70710678]
 [ 0.70710678 -0.70710678]
 [ 0.70710678 -0.70710678]
 [ 0.70710678 -0.70710678]
 [ 0.70710678 -0.70710678]
 [ 0.70710678 -0.70710678]
 [ 0.70710678 -0.70710678]
 [ 0.70710678 -0.70710678]
 [ 0.70710678 -0.70710678]
 [ 0.70710678 -0.70710678]
 [ 0.70710678 -0.70710678]
 [ 0.70710678 -0.70710678]
 [ 0.70710678 -0.70710678]
 [ 0.70710678 -0.70710678]
 [ 0.70710678 -0.70710678]
 [ 0.70710678 -0.70710678]
 [ 0.70710678 -0.70710678]
 [ 0.70710678 -0.70710678]
 [ 0.70710678 -0.70710678]
 [ 0.70710678 -0.70710678]
 [ 0.70710678 -0.70710678]
 [ 0.70710678 -0.70710678]
 [ 0.70710678 -0.70710678]
 [ 0.70710678 -0.70710678]
 [ 0.70710678 -0.70710678]
 [ 0.70710678 -0.70710678]
 [ 0.70710678 -0.70710678]
 [ 0.70710678 -0.70710678]
 [ 0.70710678 -0.70710678]
 [ 0.70710678 -0.70710678]
 [ 0.70710678 -0.70710678]
 [ 0.70710678 -0.70710678]
 [ 0.70710678 -0.70710678]
 [ 0.70710678 -0.70710678]
 [ 0.70710678 -0.70710678]
 [ 0.70710678 -0.70710678]
 [ 0.70710678 -0.70710678]
 [ 0.70710678 -0.70710678]
 [ 0.70710678 -0.70710678]
 [ 0.70710678 -0.70710678]
 [ 0.70710678 -0.70710678]
 [ 0.70710678 -0.70710678]
 [ 0.70710678 -0.70710678]
 [ 0.70710678 -0.70710678]
 [ 0.70710678 -0.70710678]
 [ 0.70710678 -0.70710678]
 [ 0.70710678 -0.70710678]
 [ 0.70710678 -0.70710678]
 [ 0.70710678 -0.70710678]
 [ 0.70710678 -0.70710678]
 [ 0.70710678 -0.70710678]
 [ 0.70710678 -0.70710678]
 [ 0.70710678 -0.70710678]
 [ 0.70710678 -0.70710678]
 [ 0.70710678 -0.70710678]
 [ 0.70710678 -0.70710678]
 [ 0.70710678 -0.70710678]
 [ 0.70710678 -0.70710678]
 [ 0.70710678 -0.70710678]
 [ 0.70710678 -0.70710678]
 [ 0.70710678 -0.70710678]
 [ 0.70710678 -0.70710678]
 [ 0.70710678 -0.70710678]
 [ 0.70710678 -0.70710678]
 [ 0.70710678 -0.70710678]
 [ 0.70710678 -0.70710678]
 [ 0.70710678 -0.70710678]
 [ 0.70710678 -0.70710678]
 [ 0.70710678 -0.70710678]
 [ 0.70710678 -0.70710678]
 [ 0.70710678 -0.70710678]
 [ 0.70710678 -0.70710678]
 [ 0.70710678 -0.70710678]
 [ 0.70710678 -0.70710678]
 [ 0.70710678 -0.70710678]
 [ 0.70710678 -0.70710678]
 [ 0.70710678 -0.70710678]
 [ 0.70710678 -0.70710678]
 [ 0.70710678 -0.70710678]
 [ 0.70710678 -0.70710678]
 [ 0.70710678 -0.70710678]
 [ 0.70710678 -0.70710678]
 [ 0.70710678 -0.70710678]
 [ 0.70710678 -0.70710678]
 [ 0.70710678 -0.70710678]
 [ 0.70710678 -0.70710678]
 [ 0.70710678 -0.70710678]
 [ 0.70710678 -0.70710678]
 [ 0.70710678 -0.70710678]
 [ 0.70710678 -0.70710678]
 [ 0.70710678 -0.70710678]
 [ 0.70710678 -0.70710678]
 [ 0.70710678 -0.70710678]
 [ 0.70710678 -0.70710678]
 [ 0.70710678 -0.70710678]
 [ 0.70710678 -0.70710678]
 [ 0.70710678 -0.70710678]
 [ 0.70710678 -0.70710678]
 [ 0.70710678 -0.70710678]
 [ 0.70710678 -0.70710678]
 [ 0.70710678 -0.70710678]
 [ 0.70710678 -0.70710678]
 [ 0.70710678 -0.70710678]
 [ 0.70710678 -0.70710678]
 [ 0.70710678 -0.70710678]
 [ 0.70710678 -0.70710678]
 [ 0.70710678 -0.70710678]
 [ 0.70710678 -0.70710678]
 [ 0.70710678 -0.70710678]
 [ 0.70710678 -0.70710678]
 [ 0.70710678 -0.70710678]
 [ 0.70710678 -0.70710678]
 [ 0.70710678 -0.70710678]
 [ 0.70710678 -0.70710678]
 [ 0.70710678 -0.70710678]
 [ 0.70710678 -0.70710678]
 [ 0.70710678 -0.70710678]
 [ 0.70710678 -0.70710678]
 [ 0.70710678 -0.70710678]
 [ 0.70710678 -0.70710678]
 [ 0.70710678 -0.70710678]
 [ 0.70710678 -0.70710678]
 [ 0.70710678 -0.70710678]
 [ 0.70710678 -0.70710678]
 [ 0.70710678 -0.70710678]
 [ 0.70710678 -0.70710678]
 [ 0.70710678 -0.70710678]
 [ 0.70710678 -0.70710678]
 [ 0.70710678 -0.70710678]
 [ 0.70710678 -0.70710678]
 [ 0.70710678 -0.70710678]
 [ 0.70710678 -0.70710678]
 [ 0.70710678 -0.70710678]
 [ 0.70710678 -0.70710678]
 [ 0.70710678 -0.70710678]
 [ 0.70710678 -0.70710678]
 [ 0.70710678 -0.70710678]
 [ 0.70710678 -0.70710678]
 [ 0.70710678 -0.70710678]
 [ 0.70710678 -0.70710678]
 [ 0.70710678 -0.70710678]
 [ 0.70710678 -0.70710678]
 [ 0.70710678 -0.70710678]
 [ 0.70710678 -0.70710678]
 [ 0.70710678 -0.70710678]
 [ 0.70710678 -0.70710678]
 [ 0.70710678 -0.70710678]
 [ 0.70710678 -0.70710678]
 [ 0.70710678 -0.70710678]
 [ 0.70710678 -0.70710678]
 [ 0.70710678 -0.70710678]
 [ 0.70710678 -0.70710678]
 [ 0.70710678 -0.70710678]
 [ 0.70710678 -0.70710678]
 [ 0.70710678 -0.70710678]
 [ 0.70710678 -0.70710678]
 [ 0.70710678 -0.70710678]
 [ 0.70710678 -0.70710678]
 [ 0.70710678 -0.70710678]
 [ 0.70710678 -0.70710678]
 [ 0.70710678 -0.70710678]
 [ 0.70710678 -0.70710678]
 [ 0.70710678 -0.70710678]
 [ 0.70710678 -0.70710678]
 [ 0.70710678 -0.70710678]
 [ 0.70710678 -0.70710678]
 [ 0.70710678 -0.70710678]
 [ 0.70710678 -0.70710678]
 [ 0.70710678 -0.70710678]
 [ 0.70710678 -0.70710678]
 [ 0.70710678 -0.70710678]
 [ 0.70710678 -0.70710678]
 [ 0.70710678 -0.70710678]
 [ 0.70710678 -0.70710678]
 [ 0.70710678 -0.70710678]
 [ 0.70710678 -0.70710678]
 [ 0.70710678 -0.70710678]
 [ 0.70710678 -0.70710678]
 [ 0.70710678 -0.70710678]
 [ 0.70710678 -0.70710678]
 [ 0.70710678 -0.70710678]
 [ 0.70710678 -0.70710678]
 [ 0.70710678 -0.70710678]
 [ 0.70710678 -0.70710678]
 [ 0.70710678 -0.70710678]
 [ 0.70710678 -0.70710678]
 [ 0.70710678 -0.70710678]
 [ 0.70710678 -0.70710678]
 [ 0.70710678 -0.70710678]
 [ 0.70710678 -0.70710678]
 [ 0.70710678 -0.70710678]
 [ 0.70710678 -0.70710678]
 [ 0.70710678 -0.70710678]
 [ 0.70710678 -0.70710678]
 [ 0.70710678 -0.70710678]
 [ 0.70710678 -0.70710678]
 [ 0.70710678 -0.70710678]
 [ 0.70710678 -0.70710678]
 [ 0.70710678 -0.70710678]
 [ 0.70710678 -0.70710678]
 [ 0.70710678 -0.70710678]
 [ 0.70710678 -0.70710678]
 [ 0.70710678 -0.70710678]
 [ 0.70710678 -0.70710678]
 [ 0.70710678 -0.70710678]
 [ 0.70710678 -0.70710678]
 [ 0.70710678 -0.70710678]
 [ 0.70710678 -0.70710678]
 [ 0.70710678 -0.70710678]
 [ 0.70710678 -0.70710678]
 [ 0.70710678 -0.70710678]
 [ 0.70710678 -0.70710678]
 [ 0.70710678 -0.70710678]
 [ 0.70710678 -0.70710678]
 [ 0.70710678 -0.70710678]
 [ 0.70710678 -0.70710678]
 [ 0.70710678 -0.70710678]
 [ 0.70710678 -0.70710678]
 [ 0.70710678 -0.70710678]
 [ 0.70710678 -0.70710678]
 [ 0.70710678 -0.70710678]
 [ 0.70710678 -0.70710678]
 [ 0.70710678 -0.70710678]
 [ 0.70710678 -0.70710678]
 [ 0.70710678 -0.70710678]
 [ 0.70710678 -0.70710678]
 [ 0.70710678 -0.70710678]
 [ 0.70710678 -0.70710678]
 [ 0.70710678 -0.70710678]
 [ 0.70710678 -0.70710678]
 [ 0.70710678 -0.70710678]
 [ 0.70710678 -0.70710678]
 [ 0.70710678 -0.70710678]
 [ 0.70710678 -0.70710678]
 [ 0.70710678 -0.70710678]
 [ 0.70710678 -0.70710678]
 [ 0.70710678 -0.70710678]
 [ 0.70710678 -0.70710678]
 [ 0.70710678 -0.70710678]
 [ 0.70710678 -0.70710678]
 [ 0.70710678 -0.70710678]
 [ 0.70710678 -0.70710678]
 [ 0.70710678 -0.70710678]
 [ 0.70710678 -0.70710678]
 [ 0.70710678 -0.70710678]
 [ 0.70710678 -0.70710678]
 [ 0.70710678 -0.70710678]
 [ 0.70710678 -0.70710678]
 [ 0.70710678 -0.70710678]
 [ 0.70710678 -0.70710678]
 [ 0.70710678 -0.70710678]
 [ 0.70710678 -0.70710678]
 [ 0.70710678 -0.70710678]
 [ 0.70710678 -0.70710678]
 [ 0.70710678 -0.70710678]
 [ 0.70710678 -0.70710678]
 [ 0.70710678 -0.70710678]
 [ 0.70710678 -0.70710678]
 [ 0.70710678 -0.70710678]
 [ 0.70710678 -0.70710678]
 [ 0.70710678 -0.70710678]
 [ 0.70710678 -0.70710678]
 [ 0.70710678 -0.70710678]
 [ 0.70710678 -0.70710678]
 [ 0.70710678 -0.70710678]
 [ 0.70710678 -0.70710678]
 [ 0.70710678 -0.70710678]
 [ 0.70710678 -0.70710678]
 [ 0.70710678 -0.70710678]
 [ 0.70710678 -0.70710678]
 [ 0.70710678 -0.70710678]
 [ 0.70710678 -0.70710678]
 [ 0.70710678 -0.70710678]
 [ 0.70710678 -0.70710678]
 [ 0.70710678 -0.70710678]
 [ 0.70710678 -0.70710678]
 [ 0.70710678 -0.70710678]
 [ 0.70710678 -0.70710678]
 [ 0.70710678 -0.70710678]
 [ 0.70710678 -0.70710678]
 [ 0.70710678 -0.70710678]
 [ 0.70710678 -0.70710678]
 [ 0.70710678 -0.70710678]
 [ 0.70710678 -0.70710678]
 [ 0.70710678 -0.70710678]
 [ 0.70710678 -0.70710678]
 [ 0.70710678 -0.70710678]
 [ 0.70710678 -0.70710678]
 [ 0.70710678 -0.70710678]
 [ 0.70710678 -0.70710678]
 [ 0.70710678 -0.70710678]
 [ 0.70710678 -0.70710678]
 [ 0.70710678 -0.70710678]
 [ 0.70710678 -0.70710678]
 [ 0.70710678 -0.70710678]
 [ 0.70710678 -0.70710678]
 [ 0.70710678 -0.70710678]
 [ 0.70710678 -0.70710678]
 [ 0.70710678 -0.70710678]
 [ 0.70710678 -0.70710678]
 [ 0.70710678 -0.70710678]
 [ 0.70710678 -0.70710678]
 [ 0.70710678 -0.70710678]
 [ 0.70710678 -0.70710678]
 [ 0.70710678 -0.70710678]
 [ 0.70710678 -0.70710678]
 [ 0.70710678 -0.70710678]
 [ 0.70710678 -0.70710678]
 [ 0.70710678 -0.70710678]
 [ 0.70710678 -0.70710678]
 [ 0.70710678 -0.70710678]
 [ 0.70710678 -0.70710678]
 [ 0.70710678 -0.70710678]
 [ 0.70710678 -0.70710678]
 [ 0.70710678 -0.70710678]
 [ 0.70710678 -0.70710678]
 [ 0.70710678 -0.70710678]
 [ 0.70710678 -0.70710678]
 [ 0.70710678 -0.70710678]
 [ 0.70710678 -0.70710678]
 [ 0.70710678 -0.70710678]
 [ 0.70710678 -0.70710678]
 [ 0.70710678 -0.70710678]
 [ 0.70710678 -0.70710678]
 [ 0.70710678 -0.70710678]
 [ 0.70710678 -0.70710678]
 [ 0.70710678 -0.70710678]
 [ 0.70710678 -0.70710678]
 [ 0.70710678 -0.70710678]
 [ 0.70710678 -0.70710678]
 [ 0.70710678 -0.70710678]
 [ 0.70710678 -0.70710678]
 [ 0.70710678 -0.70710678]]
