0.06863134771370553
0.0009707074739591184
0.02097078735153917
[[0.04449535]
 [0.05597816]
 [0.03580946]
 [0.01047955]
 [0.02590205]
 [0.02525   ]
 [0.06863135]
 [0.01219044]
 [0.03109998]
 [0.02997527]
 [0.01047955]
 [0.01434078]
 [0.00770205]
 [0.00569992]
 [0.00569992]
 [0.03266462]
 [0.02767946]
 [0.01219044]
 [0.02702151]
 [0.02997527]
 [0.00232894]
 [0.01957015]
 [0.04278491]
 [0.01172213]
 [0.02702151]
 [0.02525   ]
 [0.04753293]
 [0.02142461]
 [0.02437745]
 [0.00424767]
 [0.03022903]
 [0.03109998]
 [0.03003808]
 [0.04449535]
 [0.01549654]
 [0.01434078]
 [0.02007832]
 [0.04502473]
 [0.01549654]
 [0.01633745]
 [0.03765015]
 [0.02007832]
 [0.00424767]
 [0.04417468]
 [0.02142461]
 [0.02462207]
 [0.02266631]
 [0.02266631]
 [0.03003808]
 [0.00965401]
 [0.01862242]
 [0.00232894]
 [0.01903304]
 [0.01105987]
 [0.02453541]
 [0.00097071]
 [0.00642979]
 [0.00740443]
 [0.00097071]
 [0.01443138]
 [0.03972512]
 [0.01443138]
 [0.00939749]
 [0.01352414]
 [0.01716717]
 [0.01639303]
 [0.00740443]
 [0.00760451]
 [0.00760451]
 [0.01352414]
 [0.01493249]
 [0.01851166]
 [0.00939749]
 [0.02832492]
 [0.01207608]
 [0.00965401]
 [0.03225519]
 [0.01862242]]
0.02097078735153917
Point Pattern
78 points
Bounding rectangle [(82.709575,25.21587), (83.162248,25.516465)]
Area of window: 0.13607124043500107
Intensity estimate for window: 573.2291390204477
           x          y
0  82.727127  25.506823
1  82.908932  25.516465
2  83.105140  25.489810
3  82.768344  25.300671
4  82.785876  25.395700
[[ 0.70710678 -0.70710678]
 [ 0.70710678 -0.70710678]
 [ 0.70710678 -0.70710678]
 [ 0.70710678 -0.70710678]
 [ 0.70710678 -0.70710678]
 [ 0.70710678 -0.70710678]
 [ 0.70710678 -0.70710678]
 [ 0.70710678 -0.70710678]
 [ 0.70710678 -0.70710678]
 [ 0.70710678 -0.70710678]
 [ 0.70710678 -0.70710678]
 [ 0.70710678 -0.70710678]
 [ 0.70710678 -0.70710678]
 [ 0.70710678 -0.70710678]
 [ 0.70710678 -0.70710678]
 [ 0.70710678 -0.70710678]
 [ 0.70710678 -0.70710678]
 [ 0.70710678 -0.70710678]
 [ 0.70710678 -0.70710678]
 [ 0.70710678 -0.70710678]
 [ 0.70710678 -0.70710678]
 [ 0.70710678 -0.70710678]
 [ 0.70710678 -0.70710678]
 [ 0.70710678 -0.70710678]
 [ 0.70710678 -0.70710678]
 [ 0.70710678 -0.70710678]
 [ 0.70710678 -0.70710678]
 [ 0.70710678 -0.70710678]
 [ 0.70710678 -0.70710678]
 [ 0.70710678 -0.70710678]
 [ 0.70710678 -0.70710678]
 [ 0.70710678 -0.70710678]
 [ 0.70710678 -0.70710678]
 [ 0.70710678 -0.70710678]
 [ 0.70710678 -0.70710678]
 [ 0.70710678 -0.70710678]
 [ 0.70710678 -0.70710678]
 [ 0.70710678 -0.70710678]
 [ 0.70710678 -0.70710678]
 [ 0.70710678 -0.70710678]
 [ 0.70710678 -0.70710678]
 [ 0.70710678 -0.70710678]
 [ 0.70710678 -0.70710678]
 [ 0.70710678 -0.70710678]
 [ 0.70710678 -0.70710678]
 [ 0.70710678 -0.70710678]
 [ 0.70710678 -0.70710678]
 [ 0.70710678 -0.70710678]
 [ 0.70710678 -0.70710678]
 [ 0.70710678 -0.70710678]
 [ 0.70710678 -0.70710678]
 [ 0.70710678 -0.70710678]
 [ 0.70710678 -0.70710678]
 [ 0.70710678 -0.70710678]
 [ 0.70710678 -0.70710678]
 [ 0.70710678 -0.70710678]
 [ 0.70710678 -0.70710678]
 [ 0.70710678 -0.70710678]
 [ 0.70710678 -0.70710678]
 [ 0.70710678 -0.70710678]
 [ 0.70710678 -0.70710678]
 [ 0.70710678 -0.70710678]
 [ 0.70710678 -0.70710678]
 [ 0.70710678 -0.70710678]
 [ 0.70710678 -0.70710678]
 [ 0.70710678 -0.70710678]
 [ 0.70710678 -0.70710678]
 [ 0.70710678 -0.70710678]
 [ 0.70710678 -0.70710678]
 [ 0.70710678 -0.70710678]
 [ 0.70710678 -0.70710678]
 [ 0.70710678 -0.70710678]
 [ 0.70710678 -0.70710678]
 [ 0.70710678 -0.70710678]
 [ 0.70710678 -0.70710678]
 [ 0.70710678 -0.70710678]
 [ 0.70710678 -0.70710678]
 [ 0.70710678 -0.70710678]]
