0.07714152247655777
0.0
0.014653614276482811
[[2.99485172e-02]
 [2.99485172e-02]
 [3.01114895e-02]
 [2.40856069e-02]
 [9.84023435e-03]
 [3.21552687e-02]
 [2.40856069e-02]
 [5.21544157e-02]
 [9.84023435e-03]
 [1.53616586e-02]
 [1.53616586e-02]
 [6.42488822e-02]
 [2.18665006e-02]
 [3.09093780e-02]
 [2.57631536e-02]
 [2.71641308e-02]
 [5.06556570e-02]
 [3.09093780e-02]
 [1.23142992e-02]
 [1.03667327e-02]
 [0.00000000e+00]
 [0.00000000e+00]
 [4.42320574e-03]
 [4.42320574e-03]
 [2.59562918e-02]
 [1.29287045e-02]
 [2.03980432e-02]
 [5.06280594e-03]
 [2.39198163e-02]
 [8.35257876e-03]
 [4.40364461e-02]
 [9.83374445e-03]
 [5.95063022e-03]
 [2.57631536e-02]
 [5.12028300e-03]
 [1.73855758e-02]
 [4.40364461e-02]
 [5.12028300e-03]
 [5.95063022e-03]
 [5.55952201e-03]
 [5.55952201e-03]
 [1.07314337e-02]
 [1.63920206e-02]
 [1.42650578e-02]
 [1.03667327e-02]
 [2.65324434e-02]
 [2.39198163e-02]
 [5.83725773e-02]
 [1.07314337e-02]
 [4.31548954e-03]
 [4.31548954e-03]
 [8.35257876e-03]
 [1.34654120e-02]
 [7.77817459e-05]
 [7.77817459e-05]
 [3.15226902e-04]
 [2.18665006e-02]
 [5.06280594e-03]
 [2.66559649e-02]
 [3.77340019e-03]
 [3.45758541e-02]
 [9.27974272e-03]
 [5.77908228e-03]
 [6.63301477e-03]
 [1.11205845e-03]
 [1.11205845e-03]
 [6.63301477e-03]
 [3.77340019e-03]
 [1.39698540e-02]
 [4.08250903e-03]
 [2.31467600e-03]
 [1.71398512e-03]
 [1.71398512e-03]
 [4.19512062e-03]
 [5.76048140e-03]
 [9.27974272e-03]
 [3.99881232e-04]
 [3.99881232e-04]
 [4.44356159e-02]
 [4.00659906e-03]
 [8.14701135e-03]
 [6.87155128e-03]
 [4.07760733e-02]
 [1.59036348e-02]
 [3.85312964e-03]
 [3.85312964e-03]
 [1.97922062e-02]
 [3.20466691e-03]
 [4.00659906e-03]
 [1.03019040e-02]
 [1.11571345e-02]
 [4.80786855e-03]
 [3.20466691e-03]
 [3.86715529e-03]
 [3.86715529e-03]
 [1.39698540e-02]
 [1.11571345e-02]
 [1.03019040e-02]
 [4.82235720e-03]
 [4.82235720e-03]
 [8.86888956e-03]
 [5.83719325e-03]
 [8.14701135e-03]
 [2.31467600e-03]
 [7.71415225e-02]]
0.014653614276482811
Point Pattern
105 points
Bounding rectangle [(82.69236,25.236764), (83.11874,25.54038)]
Area of window: 0.12945579008000507
Intensity estimate for window: 811.087707510872
           x          y
0  82.935494  25.531746
1  82.905546  25.531922
2  82.943314  25.486176
3  82.727127  25.506723
4  82.965782  25.522843
[[ 0.70710678 -0.70710678]
 [ 0.70710678 -0.70710678]
 [ 0.70710678 -0.70710678]
 [ 0.70710678 -0.70710678]
 [ 0.70710678 -0.70710678]
 [ 0.70710678 -0.70710678]
 [ 0.70710678 -0.70710678]
 [ 0.70710678 -0.70710678]
 [ 0.70710678 -0.70710678]
 [ 0.70710678 -0.70710678]
 [ 0.70710678 -0.70710678]
 [ 0.70710678 -0.70710678]
 [ 0.70710678 -0.70710678]
 [ 0.70710678 -0.70710678]
 [ 0.70710678 -0.70710678]
 [ 0.70710678 -0.70710678]
 [ 0.70710678 -0.70710678]
 [ 0.70710678 -0.70710678]
 [ 0.70710678 -0.70710678]
 [ 0.70710678 -0.70710678]
 [ 0.70710678 -0.70710678]
 [ 0.70710678 -0.70710678]
 [ 0.70710678 -0.70710678]
 [ 0.70710678 -0.70710678]
 [ 0.70710678 -0.70710678]
 [ 0.70710678 -0.70710678]
 [ 0.70710678 -0.70710678]
 [ 0.70710678 -0.70710678]
 [ 0.70710678 -0.70710678]
 [ 0.70710678 -0.70710678]
 [ 0.70710678 -0.70710678]
 [ 0.70710678 -0.70710678]
 [ 0.70710678 -0.70710678]
 [ 0.70710678 -0.70710678]
 [ 0.70710678 -0.70710678]
 [ 0.70710678 -0.70710678]
 [ 0.70710678 -0.70710678]
 [ 0.70710678 -0.70710678]
 [ 0.70710678 -0.70710678]
 [ 0.70710678 -0.70710678]
 [ 0.70710678 -0.70710678]
 [ 0.70710678 -0.70710678]
 [ 0.70710678 -0.70710678]
 [ 0.70710678 -0.70710678]
 [ 0.70710678 -0.70710678]
 [ 0.70710678 -0.70710678]
 [ 0.70710678 -0.70710678]
 [ 0.70710678 -0.70710678]
 [ 0.70710678 -0.70710678]
 [ 0.70710678 -0.70710678]
 [ 0.70710678 -0.70710678]
 [ 0.70710678 -0.70710678]
 [ 0.70710678 -0.70710678]
 [ 0.70710678 -0.70710678]
 [ 0.70710678 -0.70710678]
 [ 0.70710678 -0.70710678]
 [ 0.70710678 -0.70710678]
 [ 0.70710678 -0.70710678]
 [ 0.70710678 -0.70710678]
 [ 0.70710678 -0.70710678]
 [ 0.70710678 -0.70710678]
 [ 0.70710678 -0.70710678]
 [ 0.70710678 -0.70710678]
 [ 0.70710678 -0.70710678]
 [ 0.70710678 -0.70710678]
 [ 0.70710678 -0.70710678]
 [ 0.70710678 -0.70710678]
 [ 0.70710678 -0.70710678]
 [ 0.70710678 -0.70710678]
 [ 0.70710678 -0.70710678]
 [ 0.70710678 -0.70710678]
 [ 0.70710678 -0.70710678]
 [ 0.70710678 -0.70710678]
 [ 0.70710678 -0.70710678]
 [ 0.70710678 -0.70710678]
 [ 0.70710678 -0.70710678]
 [ 0.70710678 -0.70710678]
 [ 0.70710678 -0.70710678]
 [ 0.70710678 -0.70710678]
 [ 0.70710678 -0.70710678]
 [ 0.70710678 -0.70710678]
 [ 0.70710678 -0.70710678]
 [ 0.70710678 -0.70710678]
 [ 0.70710678 -0.70710678]
 [ 0.70710678 -0.70710678]
 [ 0.70710678 -0.70710678]
 [ 0.70710678 -0.70710678]
 [ 0.70710678 -0.70710678]
 [ 0.70710678 -0.70710678]
 [ 0.70710678 -0.70710678]
 [ 0.70710678 -0.70710678]
 [ 0.70710678 -0.70710678]
 [ 0.70710678 -0.70710678]
 [ 0.70710678 -0.70710678]
 [ 0.70710678 -0.70710678]
 [ 0.70710678 -0.70710678]
 [ 0.70710678 -0.70710678]
 [ 0.70710678 -0.70710678]
 [ 0.70710678 -0.70710678]
 [ 0.70710678 -0.70710678]
 [ 0.70710678 -0.70710678]
 [ 0.70710678 -0.70710678]
 [ 0.70710678 -0.70710678]
 [ 0.70710678 -0.70710678]
 [ 0.70710678 -0.70710678]]
