0.05295624319190484
0.0
0.014101259722465958
[[0.04135059]
 [0.04135059]
 [0.0205872 ]
 [0.01420586]
 [0.01420586]
 [0.04284755]
 [0.04284755]
 [0.01657257]
 [0.04287244]
 [0.00245094]
 [0.02593848]
 [0.02938256]
 [0.00245094]
 [0.02593848]
 [0.01503106]
 [0.02120449]
 [0.00511683]
 [0.00937643]
 [0.01796944]
 [0.02157011]
 [0.01916812]
 [0.00937643]
 [0.05295624]
 [0.00672159]
 [0.01709978]
 [0.00600346]
 [0.00600346]
 [0.01047855]
 [0.01056461]
 [0.01047855]
 [0.01007217]
 [0.0244102 ]
 [0.00672159]
 [0.0159951 ]
 [0.01237172]
 [0.00799362]
 [0.01904627]
 [0.01279662]
 [0.01712053]
 [0.03634098]
 [0.00283041]
 [0.01709978]
 [0.01594491]
 [0.01356548]
 [0.00961112]
 [0.01594491]
 [0.01237172]
 [0.02157011]
 [0.01107476]
 [0.01007217]
 [0.00961112]
 [0.01285777]
 [0.00972568]
 [0.02321258]
 [0.00511683]
 [0.02321258]
 [0.0284728 ]
 [0.00732697]
 [0.02574865]
 [0.01685368]
 [0.03152614]
 [0.00799362]
 [0.02509368]
 [0.01761744]
 [0.02370406]
 [0.01796944]
 [0.02300507]
 [0.01096877]
 [0.01096877]
 [0.01685368]
 [0.01761744]
 [0.01370939]
 [0.00014103]
 [0.00011741]
 [0.00015832]
 [0.00011741]
 [0.00732697]
 [0.02696569]
 [0.01775011]
 [0.02709904]
 [0.00178937]
 [0.00178937]
 [0.01503106]
 [0.01719881]
 [0.00618423]
 [0.00128048]
 [0.01624058]
 [0.00965569]
 [0.00780256]
 [0.02102772]
 [0.00915806]
 [0.01050554]
 [0.00675721]
 [0.        ]
 [0.        ]
 [0.00965569]
 [0.00675721]
 [0.00128048]
 [0.00124664]
 [0.00124664]
 [0.00127325]
 [0.00919577]
 [0.01404119]
 [0.00615957]
 [0.01115734]
 [0.00387974]
 [0.01305637]
 [0.02102772]
 [0.00226894]
 [0.01313637]
 [0.01194725]
 [0.        ]
 [0.        ]
 [0.00387974]
 [0.00593373]
 [0.00915806]
 [0.01194725]
 [0.00127325]
 [0.00157632]
 [0.01623434]
 [0.00903219]
 [0.01870722]
 [0.03424076]
 [0.00618423]
 [0.00226894]
 [0.00593373]
 [0.00858128]
 [0.00025154]
 [0.00025154]
 [0.00362618]
 [0.01657257]
 [0.02415492]
 [0.02054226]
 [0.00903219]
 [0.00919577]
 [0.00645801]
 [0.00645801]
 [0.00937401]
 [0.0277897 ]
 [0.00780256]
 [0.03766338]
 [0.03766338]
 [0.00615957]
 [0.0277897 ]
 [0.02911983]
 [0.03825986]]
0.014101259722465958
Point Pattern
146 points
Bounding rectangle [(82.678727,25.183131), (83.155928,25.558787)]
Area of window: 0.17926341885600294
Intensity estimate for window: 814.4439112660098
           x          y
0  82.767832  25.513793
1  82.733357  25.536626
2  82.964178  25.487038
3  82.899543  25.499693
4  82.905623  25.512532
[[ 0.70710678 -0.70710678]
 [ 0.70710678 -0.70710678]
 [ 0.70710678 -0.70710678]
 [ 0.70710678 -0.70710678]
 [ 0.70710678 -0.70710678]
 [ 0.70710678 -0.70710678]
 [ 0.70710678 -0.70710678]
 [ 0.70710678 -0.70710678]
 [ 0.70710678 -0.70710678]
 [ 0.70710678 -0.70710678]
 [ 0.70710678 -0.70710678]
 [ 0.70710678 -0.70710678]
 [ 0.70710678 -0.70710678]
 [ 0.70710678 -0.70710678]
 [ 0.70710678 -0.70710678]
 [ 0.70710678 -0.70710678]
 [ 0.70710678 -0.70710678]
 [ 0.70710678 -0.70710678]
 [ 0.70710678 -0.70710678]
 [ 0.70710678 -0.70710678]
 [ 0.70710678 -0.70710678]
 [ 0.70710678 -0.70710678]
 [ 0.70710678 -0.70710678]
 [ 0.70710678 -0.70710678]
 [ 0.70710678 -0.70710678]
 [ 0.70710678 -0.70710678]
 [ 0.70710678 -0.70710678]
 [ 0.70710678 -0.70710678]
 [ 0.70710678 -0.70710678]
 [ 0.70710678 -0.70710678]
 [ 0.70710678 -0.70710678]
 [ 0.70710678 -0.70710678]
 [ 0.70710678 -0.70710678]
 [ 0.70710678 -0.70710678]
 [ 0.70710678 -0.70710678]
 [ 0.70710678 -0.70710678]
 [ 0.70710678 -0.70710678]
 [ 0.70710678 -0.70710678]
 [ 0.70710678 -0.70710678]
 [ 0.70710678 -0.70710678]
 [ 0.70710678 -0.70710678]
 [ 0.70710678 -0.70710678]
 [ 0.70710678 -0.70710678]
 [ 0.70710678 -0.70710678]
 [ 0.70710678 -0.70710678]
 [ 0.70710678 -0.70710678]
 [ 0.70710678 -0.70710678]
 [ 0.70710678 -0.70710678]
 [ 0.70710678 -0.70710678]
 [ 0.70710678 -0.70710678]
 [ 0.70710678 -0.70710678]
 [ 0.70710678 -0.70710678]
 [ 0.70710678 -0.70710678]
 [ 0.70710678 -0.70710678]
 [ 0.70710678 -0.70710678]
 [ 0.70710678 -0.70710678]
 [ 0.70710678 -0.70710678]
 [ 0.70710678 -0.70710678]
 [ 0.70710678 -0.70710678]
 [ 0.70710678 -0.70710678]
 [ 0.70710678 -0.70710678]
 [ 0.70710678 -0.70710678]
 [ 0.70710678 -0.70710678]
 [ 0.70710678 -0.70710678]
 [ 0.70710678 -0.70710678]
 [ 0.70710678 -0.70710678]
 [ 0.70710678 -0.70710678]
 [ 0.70710678 -0.70710678]
 [ 0.70710678 -0.70710678]
 [ 0.70710678 -0.70710678]
 [ 0.70710678 -0.70710678]
 [ 0.70710678 -0.70710678]
 [ 0.70710678 -0.70710678]
 [ 0.70710678 -0.70710678]
 [ 0.70710678 -0.70710678]
 [ 0.70710678 -0.70710678]
 [ 0.70710678 -0.70710678]
 [ 0.70710678 -0.70710678]
 [ 0.70710678 -0.70710678]
 [ 0.70710678 -0.70710678]
 [ 0.70710678 -0.70710678]
 [ 0.70710678 -0.70710678]
 [ 0.70710678 -0.70710678]
 [ 0.70710678 -0.70710678]
 [ 0.70710678 -0.70710678]
 [ 0.70710678 -0.70710678]
 [ 0.70710678 -0.70710678]
 [ 0.70710678 -0.70710678]
 [ 0.70710678 -0.70710678]
 [ 0.70710678 -0.70710678]
 [ 0.70710678 -0.70710678]
 [ 0.70710678 -0.70710678]
 [ 0.70710678 -0.70710678]
 [ 0.70710678 -0.70710678]
 [ 0.70710678 -0.70710678]
 [ 0.70710678 -0.70710678]
 [ 0.70710678 -0.70710678]
 [ 0.70710678 -0.70710678]
 [ 0.70710678 -0.70710678]
 [ 0.70710678 -0.70710678]
 [ 0.70710678 -0.70710678]
 [ 0.70710678 -0.70710678]
 [ 0.70710678 -0.70710678]
 [ 0.70710678 -0.70710678]
 [ 0.70710678 -0.70710678]
 [ 0.70710678 -0.70710678]
 [ 0.70710678 -0.70710678]
 [ 0.70710678 -0.70710678]
 [ 0.70710678 -0.70710678]
 [ 0.70710678 -0.70710678]
 [ 0.70710678 -0.70710678]
 [ 0.70710678 -0.70710678]
 [ 0.70710678 -0.70710678]
 [ 0.70710678 -0.70710678]
 [ 0.70710678 -0.70710678]
 [ 0.70710678 -0.70710678]
 [ 0.70710678 -0.70710678]
 [ 0.70710678 -0.70710678]
 [ 0.70710678 -0.70710678]
 [ 0.70710678 -0.70710678]
 [ 0.70710678 -0.70710678]
 [ 0.70710678 -0.70710678]
 [ 0.70710678 -0.70710678]
 [ 0.70710678 -0.70710678]
 [ 0.70710678 -0.70710678]
 [ 0.70710678 -0.70710678]
 [ 0.70710678 -0.70710678]
 [ 0.70710678 -0.70710678]
 [ 0.70710678 -0.70710678]
 [ 0.70710678 -0.70710678]
 [ 0.70710678 -0.70710678]
 [ 0.70710678 -0.70710678]
 [ 0.70710678 -0.70710678]
 [ 0.70710678 -0.70710678]
 [ 0.70710678 -0.70710678]
 [ 0.70710678 -0.70710678]
 [ 0.70710678 -0.70710678]
 [ 0.70710678 -0.70710678]
 [ 0.70710678 -0.70710678]
 [ 0.70710678 -0.70710678]
 [ 0.70710678 -0.70710678]
 [ 0.70710678 -0.70710678]
 [ 0.70710678 -0.70710678]
 [ 0.70710678 -0.70710678]
 [ 0.70710678 -0.70710678]
 [ 0.70710678 -0.70710678]]
