0.06270052671230499
0.0
0.017668131130644745
[[0.03354135]
 [0.06270053]
 [0.04119963]
 [0.06270053]
 [0.03908233]
 [0.05459486]
 [0.00333627]
 [0.01033536]
 [0.05398202]
 [0.00847257]
 [0.00749295]
 [0.00749295]
 [0.00671831]
 [0.01048161]
 [0.00585913]
 [0.00585913]
 [0.00635228]
 [0.00333627]
 [0.03476811]
 [0.01971601]
 [0.0349008 ]
 [0.        ]
 [0.        ]
 [0.01815142]
 [0.00656466]
 [0.0085571 ]
 [0.03815231]
 [0.03947868]
 [0.01786886]
 [0.01086738]
 [0.01558665]
 [0.0085571 ]
 [0.00656466]
 [0.01123848]
 [0.01086738]
 [0.01971601]
 [0.01815142]
 [0.03476811]
 [0.03646517]
 [0.02673504]
 [0.03947868]
 [0.02673504]
 [0.04927946]
 [0.01364431]
 [0.00321887]
 [0.00494552]
 [0.00212757]
 [0.00641707]
 [0.00779642]
 [0.00440944]
 [0.00924638]
 [0.01052192]
 [0.01364431]
 [0.00240493]
 [0.00413126]
 [0.00655888]
 [0.01102013]
 [0.00413126]
 [0.01372874]
 [0.00655888]
 [0.00938402]
 [0.00321887]
 [0.00425525]
 [0.00507525]
 [0.05863647]
 [0.02971502]
 [0.01123848]
 [0.00779642]
 [0.0012276 ]
 [0.0012276 ]
 [0.00662252]
 [0.00240493]
 [0.00425525]
 [0.04771046]
 [0.03908233]
 [0.02971502]]
0.017668131130644745
Point Pattern
76 points
Bounding rectangle [(82.701251,25.23369), (83.143619,25.535345)]
Area of window: 0.13344251903999904
Intensity estimate for window: 569.53361302494
           x          y
0  82.730450  25.485392
1  82.934590  25.535345
2  82.800872  25.508215
3  82.995501  25.520472
4  83.060000  25.483141
[[ 0.70710678 -0.70710678]
 [ 0.70710678 -0.70710678]
 [ 0.70710678 -0.70710678]
 [ 0.70710678 -0.70710678]
 [ 0.70710678 -0.70710678]
 [ 0.70710678 -0.70710678]
 [ 0.70710678 -0.70710678]
 [ 0.70710678 -0.70710678]
 [ 0.70710678 -0.70710678]
 [ 0.70710678 -0.70710678]
 [ 0.70710678 -0.70710678]
 [ 0.70710678 -0.70710678]
 [ 0.70710678 -0.70710678]
 [ 0.70710678 -0.70710678]
 [ 0.70710678 -0.70710678]
 [ 0.70710678 -0.70710678]
 [ 0.70710678 -0.70710678]
 [ 0.70710678 -0.70710678]
 [ 0.70710678 -0.70710678]
 [ 0.70710678 -0.70710678]
 [ 0.70710678 -0.70710678]
 [ 0.70710678 -0.70710678]
 [ 0.70710678 -0.70710678]
 [ 0.70710678 -0.70710678]
 [ 0.70710678 -0.70710678]
 [ 0.70710678 -0.70710678]
 [ 0.70710678 -0.70710678]
 [ 0.70710678 -0.70710678]
 [ 0.70710678 -0.70710678]
 [ 0.70710678 -0.70710678]
 [ 0.70710678 -0.70710678]
 [ 0.70710678 -0.70710678]
 [ 0.70710678 -0.70710678]
 [ 0.70710678 -0.70710678]
 [ 0.70710678 -0.70710678]
 [ 0.70710678 -0.70710678]
 [ 0.70710678 -0.70710678]
 [ 0.70710678 -0.70710678]
 [ 0.70710678 -0.70710678]
 [ 0.70710678 -0.70710678]
 [ 0.70710678 -0.70710678]
 [ 0.70710678 -0.70710678]
 [ 0.70710678 -0.70710678]
 [ 0.70710678 -0.70710678]
 [ 0.70710678 -0.70710678]
 [ 0.70710678 -0.70710678]
 [ 0.70710678 -0.70710678]
 [ 0.70710678 -0.70710678]
 [ 0.70710678 -0.70710678]
 [ 0.70710678 -0.70710678]
 [ 0.70710678 -0.70710678]
 [ 0.70710678 -0.70710678]
 [ 0.70710678 -0.70710678]
 [ 0.70710678 -0.70710678]
 [ 0.70710678 -0.70710678]
 [ 0.70710678 -0.70710678]
 [ 0.70710678 -0.70710678]
 [ 0.70710678 -0.70710678]
 [ 0.70710678 -0.70710678]
 [ 0.70710678 -0.70710678]
 [ 0.70710678 -0.70710678]
 [ 0.70710678 -0.70710678]
 [ 0.70710678 -0.70710678]
 [ 0.70710678 -0.70710678]
 [ 0.70710678 -0.70710678]
 [ 0.70710678 -0.70710678]
 [ 0.70710678 -0.70710678]
 [ 0.70710678 -0.70710678]
 [ 0.70710678 -0.70710678]
 [ 0.70710678 -0.70710678]
 [ 0.70710678 -0.70710678]
 [ 0.70710678 -0.70710678]
 [ 0.70710678 -0.70710678]
 [ 0.70710678 -0.70710678]
 [ 0.70710678 -0.70710678]
 [ 0.70710678 -0.70710678]]
