0.1557147536041346
0.0
0.010195258994756424
[[0.01107476]
 [0.15571475]
 [0.01107476]
 [0.00972568]
 [0.00618423]
 [0.00128048]
 [0.00915806]
 [0.01050554]
 [0.        ]
 [0.        ]
 [0.00128048]
 [0.00124664]
 [0.00124664]
 [0.00127325]
 [0.00919577]
 [0.02821882]
 [0.00387974]
 [0.00226894]
 [0.        ]
 [0.        ]
 [0.00387974]
 [0.00593373]
 [0.00915806]
 [0.00127325]
 [0.00157632]
 [0.00618423]
 [0.00226894]
 [0.00593373]
 [0.00858128]
 [0.00025154]
 [0.00025154]
 [0.00362618]
 [0.00919577]
 [0.02519596]]
0.010195258994756424
[[ 0.70710678 -0.70710678]
 [ 0.70710678 -0.70710678]
 [ 0.70710678 -0.70710678]
 [ 0.70710678 -0.70710678]
 [ 0.70710678 -0.70710678]
 [ 0.70710678 -0.70710678]
 [ 0.70710678 -0.70710678]
 [ 0.70710678 -0.70710678]
 [ 0.70710678 -0.Traceback (most recent call last):
  File "python_ripley_k_function.py", line 34, in <module>
    gridspec_kw=dict(width_ratios=(6,3)))
  File "/usr/local/lib/python3.7/dist-packages/matplotlib/pyplot.py", line 1437, in subplots
    gridspec_kw=gridspec_kw)
  File "/usr/local/lib/python3.7/dist-packages/matplotlib/figure.py", line 896, in subplots
    gs = self.add_gridspec(nrows, ncols, figure=self, **gridspec_kw)
  File "/usr/local/lib/python3.7/dist-packages/matplotlib/figure.py", line 1395, in add_gridspec
    gs = GridSpec(nrows=nrows, ncols=ncols, figure=self, **kwargs)
  File "/usr/local/lib/python3.7/dist-packages/matplotlib/gridspec.py", line 387, in __init__
    height_ratios=height_ratios)
  File "/usr/local/lib/python3.7/dist-packages/matplotlib/gridspec.py", line 56, in __init__
    self.set_width_ratios(width_ratios)
  File "/usr/local/lib/python3.7/dist-packages/matplotlib/gridspec.py", line 111, in set_width_ratios
    raise ValueError('Expected the given number of width ratios to '
ValueError: Expected the given number of width ratios to match the number of columns of the grid
