0.12914962662354365
0.0
0.005655713492067047
[[0.00000000e+00]
 [1.00000000e-03]
 [5.72712843e-03]
 [5.96154342e-03]
 [5.20885064e-03]
 [6.52000000e-04]
 [1.16591681e-03]
 [3.66742416e-03]
 [1.09381374e-02]
 [1.01891515e-02]
 [0.00000000e+00]
 [0.00000000e+00]
 [0.00000000e+00]
 [0.00000000e+00]
 [6.96347614e-05]
 [1.40545366e-04]
 [7.66941979e-05]
 [7.66941979e-05]
 [1.08600184e-04]
 [1.04026499e-02]
 [8.96195698e-03]
 [1.22171191e-03]
 [2.24990689e-03]
 [1.83002732e-03]
 [4.74071725e-04]
 [2.24604942e-03]
 [2.84690604e-03]
 [3.53918197e-02]
 [0.00000000e+00]
 [0.00000000e+00]
 [0.00000000e+00]
 [2.88449910e-02]
 [5.96154342e-03]
 [5.22453299e-03]
 [1.15226256e-02]
 [1.09499043e-02]
 [0.00000000e+00]
 [6.96347614e-05]
 [2.73621198e-03]
 [8.25247611e-03]
 [2.73621198e-03]
 [1.09430877e-02]
 [1.83002732e-03]
 [1.40796910e-03]
 [2.24604942e-03]
 [3.12596433e-03]
 [2.88449910e-02]
 [0.00000000e+00]
 [0.00000000e+00]
 [5.72712843e-03]
 [5.98031847e-03]
 [3.66742416e-03]
 [0.00000000e+00]
 [1.14957583e-02]
 [1.38094352e-03]
 [1.25936492e-04]
 [6.52000000e-04]
 [0.00000000e+00]
 [4.74071725e-04]
 [4.56253899e-03]
 [8.94695015e-03]
 [0.00000000e+00]
 [0.00000000e+00]
 [1.29149627e-01]
 [1.70615503e-03]
 [2.77385021e-03]
 [2.05427944e-03]
 [5.98031847e-03]
 [8.94695015e-03]
 [1.70615503e-03]
 [2.77385021e-03]
 [1.97704148e-03]
 [1.00000000e-04]
 [0.00000000e+00]
 [5.00000000e-06]
 [0.00000000e+00]
 [0.00000000e+00]]
0.005655713492067047
[[ 0.70710678 -0.70710678]
 [ 0.70710678 -0.70710678]
 [ 0.70710678 -0.70710678]
 [ 0.70710678 -0.70710678]
 [ 0.70710678 -0.70710678]
 [ 0.70710678 -0.70710678]
 [ 0.70710678 -0.70710678]
 [ 0.70710678 -0.70710678]
 [ 0.70710678 -0.70710678]
 [ 0.70710678 -0.70710678]
 [ 0.70710678 -0.70710678]
 [ 0.70710678 -0.70710678]
 [ 0.70710678 -0.70710678]
 [ 0.70710678 -0.70710678]
 [ 0.70710678 -0.70710678]
 [ 0.70710678 -0.70710678]
 [ 0.70710678 -0.70710678]
 [ 0.70710678 -0.70710678]
 [ 0.70710678 -0.70710678]
 [ 0.70710678 -0.70710678]
 [ 0.70710678 -0.70710678]
 [ 0.70710678 -0.70710678]
 [ 0.70710678 -0.70710678]
 [ 0.70710678 -0.70710678]
 [ 0.70710678 -0.70710678]
 [ 0.70710678 -0.70710678]
 [ 0.70710678 -0.70710678]
 [ 0.70710678 -0.70710678]
 [ 0.70710678 -0.70710678]
 [ 0.70710678 -0.70710678]
 [ 0.70710678 -0.70710678]
 [ 0.70710678 -0.70710678]
 [ 0.70710678 -0.70710678]
 [ 0.70710678 -0.70710678]
 [ 0.70710678 -0.70710678]
 [ 0.70710678 -0.70710678]
 [ 0.70710678 -0.70710678]
 [ 0.70710678 -0.70710678]
 [ 0.70710678 -0.70710678]
 [ 0.70710678 -0.70710678]
 [ 0.70710678 -0.70710678]
 [ 0.70710678 -0.70710678]
 [ 0.70710678 -0.70710678]
 [ 0.70710678 -0.70710678]
 [ 0.70710678 -0.70710678]
 [ 0.70710678 -0.70710678]
 [ 0.70710678 -0.70710678]
 [ 0.70710678 -0.70710678]
 [ 0.70710678 -0.70710678]
 [ 0.70710678 -0.70710678]
 [ 0.70710678 -0.70710678]
 [ 0.70710678 -0.70710678]
 [ 0.70710678 -0.70710678]
 [ 0.70710678 -0.70710678]
 [ 0.70710678 -0.70710678]
 [ 0.70710678 -0.70710678]
 [ 0.70710678 -0.70710678]
 [ 0.70710678 -0.70710678]
 [ 0.70710678 -0.70710678]
 [ 0.70710678 -0.70710678]
 [ 0.70710678 -0.70710678]
 [ 0.70710678 -0.70710678]
 [ 0.70710678 -0.70710678]
 [ 0.70710678 -0.70710678]
 [ 0.70710678 -0.70710678]
 [ 0.70710678 -0.70710678]
 [ 0.70710678 -0.70710678]
 [ 0.70710678 -0.70710678]
 [ 0.70710678 -0.70710678]
 [ 0.70710678 -0.70710678]
 [ 0.70710678 -0.70710678]
 [ 0.70710678 -0.70710678]
 [ 0.70710678 -0.70710678]
 [ 0.70710678 -0.70710678]
 [ 0.70710678 -0.70710678]
 [ 0.70710678 -0.70710678]
 [ 0.70710678 -0.70710678]]
